{"timestamp":"2025-05-31T16:03:27.745471","level":"info","event":"DAG bundles loaded: dags-folder","logger":"airflow.dag_processing.bundles.manager.DagBundlesManager"}
{"timestamp":"2025-05-31T16:03:27.746251","level":"info","event":"Filling up the DagBag from /opt/airflow/dags/dbt_orchestration_dag.py","logger":"airflow.models.dagbag.DagBag"}
{"timestamp":"2025-05-31T16:03:27.793003","level":"info","event":"Tmp dir root location: /tmp","logger":"airflow.task.hooks.airflow.providers.standard.hooks.subprocess.SubprocessHook"}
{"timestamp":"2025-05-31T16:03:27.801797","level":"info","event":"Running command: ['/usr/bin/bash', '-c', 'cd /opt/airflow/dbt_project/mockkaro_dbt && dbt run --select marts']","logger":"airflow.task.hooks.airflow.providers.standard.hooks.subprocess.SubprocessHook"}
{"timestamp":"2025-05-31T16:03:27.823807","level":"info","event":"Output:","logger":"airflow.task.hooks.airflow.providers.standard.hooks.subprocess.SubprocessHook"}
{"timestamp":"2025-05-31T16:03:37.181709","level":"info","event":"\u001b[0m16:03:37  Running with dbt=1.9.6","logger":"airflow.task.hooks.airflow.providers.standard.hooks.subprocess.SubprocessHook"}
{"timestamp":"2025-05-31T16:03:41.702142","level":"info","event":"\u001b[0m16:03:41  Registered adapter: snowflake=1.9.4","logger":"airflow.task.hooks.airflow.providers.standard.hooks.subprocess.SubprocessHook"}
{"timestamp":"2025-05-31T16:03:42.196210","level":"info","event":"\u001b[0m16:03:42  Unable to do partial parsing because of a version mismatch","logger":"airflow.task.hooks.airflow.providers.standard.hooks.subprocess.SubprocessHook"}
{"timestamp":"2025-05-31T16:03:50.250231","level":"info","event":"\u001b[0m16:03:50  [\u001b[33mWARNING\u001b[0m]: Test 'test.mockkaro_dbt.relationships_fact_orders_CUSTOMER_ID_NK__customer_id__ref_dim_customer_.856110df7f' (models/marts/fact/fact_orders.yml) depends on a node named 'dim_customer' in package '' which was not found","logger":"airflow.task.hooks.airflow.providers.standard.hooks.subprocess.SubprocessHook"}
{"timestamp":"2025-05-31T16:03:51.050714","level":"info","event":"\u001b[0m16:03:51  [\u001b[33mWARNING\u001b[0m]: Configuration paths exist in your dbt_project.yml file which do not apply to any resources.","logger":"airflow.task.hooks.airflow.providers.standard.hooks.subprocess.SubprocessHook"}
{"timestamp":"2025-05-31T16:03:51.051696","level":"info","event":"There are 2 unused configuration paths:","logger":"airflow.task.hooks.airflow.providers.standard.hooks.subprocess.SubprocessHook"}
{"timestamp":"2025-05-31T16:03:51.052069","level":"info","event":"- models.mockkaro_dbt.marts.dim","logger":"airflow.task.hooks.airflow.providers.standard.hooks.subprocess.SubprocessHook"}
{"timestamp":"2025-05-31T16:03:51.052361","level":"info","event":"- models.mockkaro_dbt.marts.fact","logger":"airflow.task.hooks.airflow.providers.standard.hooks.subprocess.SubprocessHook"}
{"timestamp":"2025-05-31T16:03:51.618586","level":"info","event":"\u001b[0m16:03:51  Found 12 models, 40 data tests, 1 source, 476 macros","logger":"airflow.task.hooks.airflow.providers.standard.hooks.subprocess.SubprocessHook"}
{"timestamp":"2025-05-31T16:03:51.627753","level":"info","event":"\u001b[0m16:03:51","logger":"airflow.task.hooks.airflow.providers.standard.hooks.subprocess.SubprocessHook"}
{"timestamp":"2025-05-31T16:03:51.628893","level":"info","event":"\u001b[0m16:03:51  Concurrency: 4 threads (target='dev')","logger":"airflow.task.hooks.airflow.providers.standard.hooks.subprocess.SubprocessHook"}
{"timestamp":"2025-05-31T16:03:51.629710","level":"info","event":"\u001b[0m16:03:51","logger":"airflow.task.hooks.airflow.providers.standard.hooks.subprocess.SubprocessHook"}
{"timestamp":"2025-05-31T16:04:01.470205","level":"info","event":"\u001b[0m16:04:01  1 of 8 START sql table model STG_final.dim_customers ........................... [RUN]","logger":"airflow.task.hooks.airflow.providers.standard.hooks.subprocess.SubprocessHook"}
{"timestamp":"2025-05-31T16:04:01.476211","level":"info","event":"\u001b[0m16:04:01  3 of 8 START sql table model STG_final.dim_issue_type .......................... [RUN]","logger":"airflow.task.hooks.airflow.providers.standard.hooks.subprocess.SubprocessHook"}
{"timestamp":"2025-05-31T16:04:01.482946","level":"info","event":"\u001b[0m16:04:01  2 of 8 START sql table model STG_final.dim_employee ............................ [RUN]","logger":"airflow.task.hooks.airflow.providers.standard.hooks.subprocess.SubprocessHook"}
{"timestamp":"2025-05-31T16:04:01.487217","level":"info","event":"\u001b[0m16:04:01  4 of 8 START sql table model STG_final.dim_product ............................. [RUN]","logger":"airflow.task.hooks.airflow.providers.standard.hooks.subprocess.SubprocessHook"}
{"timestamp":"2025-05-31T16:04:03.814223","level":"info","event":"\u001b[0m16:04:03  1 of 8 OK created sql table model STG_final.dim_customers ...................... [\u001b[32mSUCCESS 1\u001b[0m in 2.31s]","logger":"airflow.task.hooks.airflow.providers.standard.hooks.subprocess.SubprocessHook"}
{"timestamp":"2025-05-31T16:04:03.818958","level":"info","event":"\u001b[0m16:04:03  5 of 8 START sql table model STG_final.dim_store ............................... [RUN]","logger":"airflow.task.hooks.airflow.providers.standard.hooks.subprocess.SubprocessHook"}
{"timestamp":"2025-05-31T16:04:03.882625","level":"info","event":"\u001b[0m16:04:03  2 of 8 OK created sql table model STG_final.dim_employee ....................... [\u001b[32mSUCCESS 1\u001b[0m in 2.37s]","logger":"airflow.task.hooks.airflow.providers.standard.hooks.subprocess.SubprocessHook"}
{"timestamp":"2025-05-31T16:04:03.898740","level":"info","event":"\u001b[0m16:04:03  6 of 8 START sql table model STG_final.fact_orders ............................. [RUN]","logger":"airflow.task.hooks.airflow.providers.standard.hooks.subprocess.SubprocessHook"}
{"timestamp":"2025-05-31T16:04:04.103210","level":"info","event":"\u001b[0m16:04:04  4 of 8 OK created sql table model STG_final.dim_product ........................ [\u001b[32mSUCCESS 1\u001b[0m in 2.60s]","logger":"airflow.task.hooks.airflow.providers.standard.hooks.subprocess.SubprocessHook"}
{"timestamp":"2025-05-31T16:04:04.114585","level":"info","event":"\u001b[0m16:04:04  7 of 8 START sql table model STG_final.fact_tickets ............................ [RUN]","logger":"airflow.task.hooks.airflow.providers.standard.hooks.subprocess.SubprocessHook"}
{"timestamp":"2025-05-31T16:04:04.382030","level":"info","event":"\u001b[0m16:04:04  3 of 8 OK created sql table model STG_final.dim_issue_type ..................... [\u001b[32mSUCCESS 1\u001b[0m in 2.89s]","logger":"airflow.task.hooks.airflow.providers.standard.hooks.subprocess.SubprocessHook"}
{"timestamp":"2025-05-31T16:04:04.762081","level":"info","event":"\u001b[0m16:04:04  5 of 8 OK created sql table model STG_final.dim_store .......................... [\u001b[32mSUCCESS 1\u001b[0m in 0.94s]","logger":"airflow.task.hooks.airflow.providers.standard.hooks.subprocess.SubprocessHook"}
{"timestamp":"2025-05-31T16:04:04.868564","level":"info","event":"\u001b[0m16:04:04  6 of 8 OK created sql table model STG_final.fact_orders ........................ [\u001b[32mSUCCESS 1\u001b[0m in 0.96s]","logger":"airflow.task.hooks.airflow.providers.standard.hooks.subprocess.SubprocessHook"}
{"timestamp":"2025-05-31T16:04:04.895271","level":"info","event":"\u001b[0m16:04:04  8 of 8 START sql table model STG_final.fact_sales_summary ...................... [RUN]","logger":"airflow.task.hooks.airflow.providers.standard.hooks.subprocess.SubprocessHook"}
{"timestamp":"2025-05-31T16:04:05.132097","level":"info","event":"\u001b[0m16:04:05  7 of 8 OK created sql table model STG_final.fact_tickets ....................... [\u001b[32mSUCCESS 1\u001b[0m in 1.01s]","logger":"airflow.task.hooks.airflow.providers.standard.hooks.subprocess.SubprocessHook"}
{"timestamp":"2025-05-31T16:04:06.215447","level":"info","event":"\u001b[0m16:04:06  8 of 8 OK created sql table model STG_final.fact_sales_summary ................. [\u001b[32mSUCCESS 1\u001b[0m in 1.32s]","logger":"airflow.task.hooks.airflow.providers.standard.hooks.subprocess.SubprocessHook"}
{"timestamp":"2025-05-31T16:04:07.249600","level":"info","event":"\u001b[0m16:04:07","logger":"airflow.task.hooks.airflow.providers.standard.hooks.subprocess.SubprocessHook"}
{"timestamp":"2025-05-31T16:04:07.256420","level":"info","event":"\u001b[0m16:04:07  Finished running 8 table models in 0 hours 0 minutes and 15.62 seconds (15.62s).","logger":"airflow.task.hooks.airflow.providers.standard.hooks.subprocess.SubprocessHook"}
{"timestamp":"2025-05-31T16:04:07.442433","level":"info","event":"\u001b[0m16:04:07","logger":"airflow.task.hooks.airflow.providers.standard.hooks.subprocess.SubprocessHook"}
{"timestamp":"2025-05-31T16:04:07.443649","level":"info","event":"\u001b[0m16:04:07  \u001b[32mCompleted successfully\u001b[0m","logger":"airflow.task.hooks.airflow.providers.standard.hooks.subprocess.SubprocessHook"}
{"timestamp":"2025-05-31T16:04:07.444621","level":"info","event":"\u001b[0m16:04:07","logger":"airflow.task.hooks.airflow.providers.standard.hooks.subprocess.SubprocessHook"}
{"timestamp":"2025-05-31T16:04:07.445476","level":"info","event":"\u001b[0m16:04:07  Done. PASS=8 WARN=0 ERROR=0 SKIP=0 TOTAL=8","logger":"airflow.task.hooks.airflow.providers.standard.hooks.subprocess.SubprocessHook"}
{"timestamp":"2025-05-31T16:04:10.975045","level":"info","event":"Command exited with return code 0","logger":"airflow.task.hooks.airflow.providers.standard.hooks.subprocess.SubprocessHook"}
{"timestamp":"2025-05-31T16:04:11.015659","level":"info","event":"Pushing xcom","ti":"RuntimeTaskInstance(id=UUID('01972715-5f86-758b-9a9c-15105505cf49'), task_id='dbt_run_marts', dag_id='dbt_run_marts_dag', run_id='manual__2025-05-31T16:03:21.546527+00:00', try_number=1, map_index=-1, hostname='2b7ebc220546', context_carrier=None, task=<Task(BashOperator): dbt_run_marts>, bundle_instance=LocalDagBundle(name=dags-folder), max_tries=1, start_date=datetime.datetime(2025, 5, 31, 16, 3, 23, 426959, tzinfo=TzInfo(UTC)), end_date=None, state=<TaskInstanceState.RUNNING: 'running'>, is_mapped=False, rendered_map_index=None)","logger":"task"}
