{"timestamp":"2025-05-31T18:54:42.789362","level":"info","event":"DAG bundles loaded: dags-folder","logger":"airflow.dag_processing.bundles.manager.DagBundlesManager"}
{"timestamp":"2025-05-31T18:54:42.820510","level":"info","event":"Filling up the DagBag from /opt/airflow/dags/dbt_orchestration_dag.py","logger":"airflow.models.dagbag.DagBag"}
{"timestamp":"2025-05-31T18:54:46.431822","level":"info","event":"Tmp dir root location: /tmp","logger":"airflow.task.hooks.airflow.providers.standard.hooks.subprocess.SubprocessHook"}
{"timestamp":"2025-05-31T18:54:46.461521","level":"info","event":"Running command: ['/usr/bin/bash', '-c', 'cd /opt/airflow/dbt_project/mockkaro_dbt && dbt run --select marts']","logger":"airflow.task.hooks.airflow.providers.standard.hooks.subprocess.SubprocessHook"}
{"timestamp":"2025-05-31T18:54:46.489632","level":"info","event":"Output:","logger":"airflow.task.hooks.airflow.providers.standard.hooks.subprocess.SubprocessHook"}
{"timestamp":"2025-05-31T18:54:51.356342","level":"info","event":"\u001b[0m18:54:51  Running with dbt=1.9.6","logger":"airflow.task.hooks.airflow.providers.standard.hooks.subprocess.SubprocessHook"}
{"timestamp":"2025-05-31T18:54:53.966393","level":"info","event":"\u001b[0m18:54:53  Registered adapter: snowflake=1.9.4","logger":"airflow.task.hooks.airflow.providers.standard.hooks.subprocess.SubprocessHook"}
{"timestamp":"2025-05-31T18:54:54.490569","level":"info","event":"\u001b[0m18:54:54  Unable to do partial parsing because of a version mismatch","logger":"airflow.task.hooks.airflow.providers.standard.hooks.subprocess.SubprocessHook"}
{"timestamp":"2025-05-31T18:54:57.327367","level":"info","event":"\u001b[0m18:54:57  [\u001b[33mWARNING\u001b[0m]: Test 'test.mockkaro_dbt.relationships_fact_orders_CUSTOMER_ID_NK__customer_id__ref_dim_customer_.856110df7f' (models/marts/fact/fact_orders.yml) depends on a node named 'dim_customer' in package '' which was not found","logger":"airflow.task.hooks.airflow.providers.standard.hooks.subprocess.SubprocessHook"}
{"timestamp":"2025-05-31T18:54:57.460614","level":"info","event":"\u001b[0m18:54:57  [\u001b[33mWARNING\u001b[0m]: Configuration paths exist in your dbt_project.yml file which do not apply to any resources.","logger":"airflow.task.hooks.airflow.providers.standard.hooks.subprocess.SubprocessHook"}
{"timestamp":"2025-05-31T18:54:57.460846","level":"info","event":"There are 2 unused configuration paths:","logger":"airflow.task.hooks.airflow.providers.standard.hooks.subprocess.SubprocessHook"}
{"timestamp":"2025-05-31T18:54:57.460966","level":"info","event":"- models.mockkaro_dbt.marts.dim","logger":"airflow.task.hooks.airflow.providers.standard.hooks.subprocess.SubprocessHook"}
{"timestamp":"2025-05-31T18:54:57.461075","level":"info","event":"- models.mockkaro_dbt.marts.fact","logger":"airflow.task.hooks.airflow.providers.standard.hooks.subprocess.SubprocessHook"}
{"timestamp":"2025-05-31T18:54:57.687300","level":"info","event":"\u001b[0m18:54:57  Found 12 models, 48 data tests, 1 source, 476 macros","logger":"airflow.task.hooks.airflow.providers.standard.hooks.subprocess.SubprocessHook"}
{"timestamp":"2025-05-31T18:54:57.694115","level":"info","event":"\u001b[0m18:54:57","logger":"airflow.task.hooks.airflow.providers.standard.hooks.subprocess.SubprocessHook"}
{"timestamp":"2025-05-31T18:54:57.695008","level":"info","event":"\u001b[0m18:54:57  Concurrency: 4 threads (target='dev')","logger":"airflow.task.hooks.airflow.providers.standard.hooks.subprocess.SubprocessHook"}
{"timestamp":"2025-05-31T18:54:57.695852","level":"info","event":"\u001b[0m18:54:57","logger":"airflow.task.hooks.airflow.providers.standard.hooks.subprocess.SubprocessHook"}
{"timestamp":"2025-05-31T18:55:00.576858","level":"info","event":"\u001b[0m18:55:00  1 of 8 START sql table model STG_final.dim_customers ........................... [RUN]","logger":"airflow.task.hooks.airflow.providers.standard.hooks.subprocess.SubprocessHook"}
{"timestamp":"2025-05-31T18:55:00.579134","level":"info","event":"\u001b[0m18:55:00  2 of 8 START sql table model STG_final.dim_employee ............................ [RUN]","logger":"airflow.task.hooks.airflow.providers.standard.hooks.subprocess.SubprocessHook"}
{"timestamp":"2025-05-31T18:55:00.581432","level":"info","event":"\u001b[0m18:55:00  3 of 8 START sql table model STG_final.dim_issue_type .......................... [RUN]","logger":"airflow.task.hooks.airflow.providers.standard.hooks.subprocess.SubprocessHook"}
{"timestamp":"2025-05-31T18:55:00.587323","level":"info","event":"\u001b[0m18:55:00  4 of 8 START sql table model STG_final.dim_product ............................. [RUN]","logger":"airflow.task.hooks.airflow.providers.standard.hooks.subprocess.SubprocessHook"}
{"timestamp":"2025-05-31T18:55:02.089589","level":"info","event":"\u001b[0m18:55:02  1 of 8 ERROR creating sql table model STG_final.dim_customers .................. [\u001b[31mERROR\u001b[0m in 1.50s]","logger":"airflow.task.hooks.airflow.providers.standard.hooks.subprocess.SubprocessHook"}
{"timestamp":"2025-05-31T18:55:02.094984","level":"info","event":"\u001b[0m18:55:02  5 of 8 START sql table model STG_final.dim_store ............................... [RUN]","logger":"airflow.task.hooks.airflow.providers.standard.hooks.subprocess.SubprocessHook"}
{"timestamp":"2025-05-31T18:55:02.303179","level":"info","event":"\u001b[0m18:55:02  5 of 8 ERROR creating sql table model STG_final.dim_store ...................... [\u001b[31mERROR\u001b[0m in 0.20s]","logger":"airflow.task.hooks.airflow.providers.standard.hooks.subprocess.SubprocessHook"}
{"timestamp":"2025-05-31T18:55:02.306596","level":"info","event":"\u001b[0m18:55:02  6 of 8 START sql table model STG_final.fact_orders ............................. [RUN]","logger":"airflow.task.hooks.airflow.providers.standard.hooks.subprocess.SubprocessHook"}
{"timestamp":"2025-05-31T18:55:02.432630","level":"info","event":"\u001b[0m18:55:02  4 of 8 ERROR creating sql table model STG_final.dim_product .................... [\u001b[31mERROR\u001b[0m in 1.83s]","logger":"airflow.task.hooks.airflow.providers.standard.hooks.subprocess.SubprocessHook"}
{"timestamp":"2025-05-31T18:55:02.440498","level":"info","event":"\u001b[0m18:55:02  3 of 8 ERROR creating sql table model STG_final.dim_issue_type ................. [\u001b[31mERROR\u001b[0m in 1.84s]","logger":"airflow.task.hooks.airflow.providers.standard.hooks.subprocess.SubprocessHook"}
{"timestamp":"2025-05-31T18:55:02.441542","level":"info","event":"\u001b[0m18:55:02  7 of 8 START sql table model STG_final.fact_tickets ............................ [RUN]","logger":"airflow.task.hooks.airflow.providers.standard.hooks.subprocess.SubprocessHook"}
{"timestamp":"2025-05-31T18:55:02.507069","level":"info","event":"\u001b[0m18:55:02  6 of 8 ERROR creating sql table model STG_final.fact_orders .................... [\u001b[31mERROR\u001b[0m in 0.20s]","logger":"airflow.task.hooks.airflow.providers.standard.hooks.subprocess.SubprocessHook"}
{"timestamp":"2025-05-31T18:55:02.514925","level":"info","event":"\u001b[0m18:55:02  8 of 8 SKIP relation STG_final.fact_sales_summary .............................. [\u001b[33mSKIP\u001b[0m]","logger":"airflow.task.hooks.airflow.providers.standard.hooks.subprocess.SubprocessHook"}
{"timestamp":"2025-05-31T18:55:02.721651","level":"info","event":"\u001b[0m18:55:02  2 of 8 OK created sql table model STG_final.dim_employee ....................... [\u001b[32mSUCCESS 1\u001b[0m in 2.13s]","logger":"airflow.task.hooks.airflow.providers.standard.hooks.subprocess.SubprocessHook"}
{"timestamp":"2025-05-31T18:55:02.724439","level":"info","event":"\u001b[0m18:55:02  7 of 8 ERROR creating sql table model STG_final.fact_tickets ................... [\u001b[31mERROR\u001b[0m in 0.28s]","logger":"airflow.task.hooks.airflow.providers.standard.hooks.subprocess.SubprocessHook"}
{"timestamp":"2025-05-31T18:55:03.782071","level":"info","event":"\u001b[0m18:55:03","logger":"airflow.task.hooks.airflow.providers.standard.hooks.subprocess.SubprocessHook"}
{"timestamp":"2025-05-31T18:55:03.800680","level":"info","event":"\u001b[0m18:55:03  Finished running 8 table models in 0 hours 0 minutes and 6.08 seconds (6.08s).","logger":"airflow.task.hooks.airflow.providers.standard.hooks.subprocess.SubprocessHook"}
{"timestamp":"2025-05-31T18:55:03.955423","level":"info","event":"\u001b[0m18:55:03","logger":"airflow.task.hooks.airflow.providers.standard.hooks.subprocess.SubprocessHook"}
{"timestamp":"2025-05-31T18:55:03.956244","level":"info","event":"\u001b[0m18:55:03  \u001b[31mCompleted with 6 errors, 0 partial successes, and 0 warnings:\u001b[0m","logger":"airflow.task.hooks.airflow.providers.standard.hooks.subprocess.SubprocessHook"}
{"timestamp":"2025-05-31T18:55:03.957493","level":"info","event":"\u001b[0m18:55:03","logger":"airflow.task.hooks.airflow.providers.standard.hooks.subprocess.SubprocessHook"}
{"timestamp":"2025-05-31T18:55:03.959609","level":"info","event":"\u001b[0m18:55:03    Database Error in model dim_customers (models/marts/dim/dim_customers.sql)","logger":"airflow.task.hooks.airflow.providers.standard.hooks.subprocess.SubprocessHook"}
{"timestamp":"2025-05-31T18:55:03.960035","level":"info","event":"  002003 (02000): SQL compilation error:","logger":"airflow.task.hooks.airflow.providers.standard.hooks.subprocess.SubprocessHook"}
{"timestamp":"2025-05-31T18:55:03.960163","level":"info","event":"  Schema 'MOCKKARO_DB.STG_STG' does not exist or not authorized.","logger":"airflow.task.hooks.airflow.providers.standard.hooks.subprocess.SubprocessHook"}
{"timestamp":"2025-05-31T18:55:03.960296","level":"info","event":"  compiled code at target/run/mockkaro_dbt/models/marts/dim/dim_customers.sql","logger":"airflow.task.hooks.airflow.providers.standard.hooks.subprocess.SubprocessHook"}
{"timestamp":"2025-05-31T18:55:03.961006","level":"info","event":"\u001b[0m18:55:03","logger":"airflow.task.hooks.airflow.providers.standard.hooks.subprocess.SubprocessHook"}
{"timestamp":"2025-05-31T18:55:03.962335","level":"info","event":"\u001b[0m18:55:03    Database Error in model dim_store (models/marts/dim/dim_store.sql)","logger":"airflow.task.hooks.airflow.providers.standard.hooks.subprocess.SubprocessHook"}
{"timestamp":"2025-05-31T18:55:03.963038","level":"info","event":"  002003 (02000): SQL compilation error:","logger":"airflow.task.hooks.airflow.providers.standard.hooks.subprocess.SubprocessHook"}
{"timestamp":"2025-05-31T18:55:03.963194","level":"info","event":"  Schema 'MOCKKARO_DB.STG_STG' does not exist or not authorized.","logger":"airflow.task.hooks.airflow.providers.standard.hooks.subprocess.SubprocessHook"}
{"timestamp":"2025-05-31T18:55:03.963278","level":"info","event":"  compiled code at target/run/mockkaro_dbt/models/marts/dim/dim_store.sql","logger":"airflow.task.hooks.airflow.providers.standard.hooks.subprocess.SubprocessHook"}
{"timestamp":"2025-05-31T18:55:03.964080","level":"info","event":"\u001b[0m18:55:03","logger":"airflow.task.hooks.airflow.providers.standard.hooks.subprocess.SubprocessHook"}
{"timestamp":"2025-05-31T18:55:03.965310","level":"info","event":"\u001b[0m18:55:03    Database Error in model dim_product (models/marts/dim/dim_product.sql)","logger":"airflow.task.hooks.airflow.providers.standard.hooks.subprocess.SubprocessHook"}
{"timestamp":"2025-05-31T18:55:03.965536","level":"info","event":"  002003 (02000): SQL compilation error:","logger":"airflow.task.hooks.airflow.providers.standard.hooks.subprocess.SubprocessHook"}
{"timestamp":"2025-05-31T18:55:03.965631","level":"info","event":"  Schema 'MOCKKARO_DB.STG_STG' does not exist or not authorized.","logger":"airflow.task.hooks.airflow.providers.standard.hooks.subprocess.SubprocessHook"}
{"timestamp":"2025-05-31T18:55:03.965746","level":"info","event":"  compiled code at target/run/mockkaro_dbt/models/marts/dim/dim_product.sql","logger":"airflow.task.hooks.airflow.providers.standard.hooks.subprocess.SubprocessHook"}
{"timestamp":"2025-05-31T18:55:03.966270","level":"info","event":"\u001b[0m18:55:03","logger":"airflow.task.hooks.airflow.providers.standard.hooks.subprocess.SubprocessHook"}
{"timestamp":"2025-05-31T18:55:03.967605","level":"info","event":"\u001b[0m18:55:03    Database Error in model dim_issue_type (models/marts/dim/dim_issue_type.sql)","logger":"airflow.task.hooks.airflow.providers.standard.hooks.subprocess.SubprocessHook"}
{"timestamp":"2025-05-31T18:55:03.967807","level":"info","event":"  002003 (02000): SQL compilation error:","logger":"airflow.task.hooks.airflow.providers.standard.hooks.subprocess.SubprocessHook"}
{"timestamp":"2025-05-31T18:55:03.967907","level":"info","event":"  Schema 'MOCKKARO_DB.STG_STG' does not exist or not authorized.","logger":"airflow.task.hooks.airflow.providers.standard.hooks.subprocess.SubprocessHook"}
{"timestamp":"2025-05-31T18:55:03.968018","level":"info","event":"  compiled code at target/run/mockkaro_dbt/models/marts/dim/dim_issue_type.sql","logger":"airflow.task.hooks.airflow.providers.standard.hooks.subprocess.SubprocessHook"}
{"timestamp":"2025-05-31T18:55:03.968517","level":"info","event":"\u001b[0m18:55:03","logger":"airflow.task.hooks.airflow.providers.standard.hooks.subprocess.SubprocessHook"}
{"timestamp":"2025-05-31T18:55:03.969709","level":"info","event":"\u001b[0m18:55:03    Database Error in model fact_orders (models/marts/fact/fact_orders.sql)","logger":"airflow.task.hooks.airflow.providers.standard.hooks.subprocess.SubprocessHook"}
{"timestamp":"2025-05-31T18:55:03.969908","level":"info","event":"  002003 (02000): SQL compilation error:","logger":"airflow.task.hooks.airflow.providers.standard.hooks.subprocess.SubprocessHook"}
{"timestamp":"2025-05-31T18:55:03.970069","level":"info","event":"  Schema 'MOCKKARO_DB.STG_STG' does not exist or not authorized.","logger":"airflow.task.hooks.airflow.providers.standard.hooks.subprocess.SubprocessHook"}
{"timestamp":"2025-05-31T18:55:03.970212","level":"info","event":"  compiled code at target/run/mockkaro_dbt/models/marts/fact/fact_orders.sql","logger":"airflow.task.hooks.airflow.providers.standard.hooks.subprocess.SubprocessHook"}
{"timestamp":"2025-05-31T18:55:03.970746","level":"info","event":"\u001b[0m18:55:03","logger":"airflow.task.hooks.airflow.providers.standard.hooks.subprocess.SubprocessHook"}
{"timestamp":"2025-05-31T18:55:03.971669","level":"info","event":"\u001b[0m18:55:03    Database Error in model fact_tickets (models/marts/fact/fact_tickets.sql)","logger":"airflow.task.hooks.airflow.providers.standard.hooks.subprocess.SubprocessHook"}
{"timestamp":"2025-05-31T18:55:03.971826","level":"info","event":"  002003 (02000): SQL compilation error:","logger":"airflow.task.hooks.airflow.providers.standard.hooks.subprocess.SubprocessHook"}
{"timestamp":"2025-05-31T18:55:03.971951","level":"info","event":"  Schema 'MOCKKARO_DB.STG_STG' does not exist or not authorized.","logger":"airflow.task.hooks.airflow.providers.standard.hooks.subprocess.SubprocessHook"}
{"timestamp":"2025-05-31T18:55:03.972067","level":"info","event":"  compiled code at target/run/mockkaro_dbt/models/marts/fact/fact_tickets.sql","logger":"airflow.task.hooks.airflow.providers.standard.hooks.subprocess.SubprocessHook"}
{"timestamp":"2025-05-31T18:55:03.972537","level":"info","event":"\u001b[0m18:55:03","logger":"airflow.task.hooks.airflow.providers.standard.hooks.subprocess.SubprocessHook"}
{"timestamp":"2025-05-31T18:55:03.973967","level":"info","event":"\u001b[0m18:55:03  Done. PASS=1 WARN=0 ERROR=6 SKIP=1 TOTAL=8","logger":"airflow.task.hooks.airflow.providers.standard.hooks.subprocess.SubprocessHook"}
{"timestamp":"2025-05-31T18:55:06.284527","level":"info","event":"Command exited with return code 1","logger":"airflow.task.hooks.airflow.providers.standard.hooks.subprocess.SubprocessHook"}
{"timestamp":"2025-05-31T18:55:06.296173","level":"error","event":"Task failed with exception","logger":"task","error_detail":[{"exc_type":"AirflowException","exc_value":"Bash command failed. The command returned a non-zero exit code 1.","exc_notes":[],"syntax_error":null,"is_cause":false,"frames":[{"filename":"/home/airflow/.local/lib/python3.12/site-packages/airflow/sdk/execution_time/task_runner.py","lineno":838,"name":"run"},{"filename":"/home/airflow/.local/lib/python3.12/site-packages/airflow/sdk/execution_time/task_runner.py","lineno":1130,"name":"_execute_task"},{"filename":"/home/airflow/.local/lib/python3.12/site-packages/airflow/sdk/bases/operator.py","lineno":408,"name":"wrapper"},{"filename":"/home/airflow/.local/lib/python3.12/site-packages/airflow/providers/standard/operators/bash.py","lineno":233,"name":"execute"}]}]}
