{"timestamp":"2025-05-31T18:57:07.565413","level":"info","event":"DAG bundles loaded: dags-folder","logger":"airflow.dag_processing.bundles.manager.DagBundlesManager"}
{"timestamp":"2025-05-31T18:57:07.568246","level":"info","event":"Filling up the DagBag from /opt/airflow/dags/dbt_orchestration_dag.py","logger":"airflow.models.dagbag.DagBag"}
{"timestamp":"2025-05-31T18:57:10.002869","level":"info","event":"Tmp dir root location: /tmp","logger":"airflow.task.hooks.airflow.providers.standard.hooks.subprocess.SubprocessHook"}
{"timestamp":"2025-05-31T18:57:10.021433","level":"info","event":"Running command: ['/usr/bin/bash', '-c', 'cd /opt/airflow/dbt_project/mockkaro_dbt && dbt run --select marts']","logger":"airflow.task.hooks.airflow.providers.standard.hooks.subprocess.SubprocessHook"}
{"timestamp":"2025-05-31T18:57:10.081174","level":"info","event":"Output:","logger":"airflow.task.hooks.airflow.providers.standard.hooks.subprocess.SubprocessHook"}
{"timestamp":"2025-05-31T18:57:13.432394","level":"info","event":"\u001b[0m18:57:13  Running with dbt=1.9.6","logger":"airflow.task.hooks.airflow.providers.standard.hooks.subprocess.SubprocessHook"}
{"timestamp":"2025-05-31T18:57:15.027054","level":"info","event":"\u001b[0m18:57:15  Registered adapter: snowflake=1.9.4","logger":"airflow.task.hooks.airflow.providers.standard.hooks.subprocess.SubprocessHook"}
{"timestamp":"2025-05-31T18:57:15.958458","level":"info","event":"\u001b[0m18:57:15  [\u001b[33mWARNING\u001b[0m]: Configuration paths exist in your dbt_project.yml file which do not apply to any resources.","logger":"airflow.task.hooks.airflow.providers.standard.hooks.subprocess.SubprocessHook"}
{"timestamp":"2025-05-31T18:57:15.958625","level":"info","event":"There are 2 unused configuration paths:","logger":"airflow.task.hooks.airflow.providers.standard.hooks.subprocess.SubprocessHook"}
{"timestamp":"2025-05-31T18:57:15.958729","level":"info","event":"- models.mockkaro_dbt.marts.dim","logger":"airflow.task.hooks.airflow.providers.standard.hooks.subprocess.SubprocessHook"}
{"timestamp":"2025-05-31T18:57:15.958833","level":"info","event":"- models.mockkaro_dbt.marts.fact","logger":"airflow.task.hooks.airflow.providers.standard.hooks.subprocess.SubprocessHook"}
{"timestamp":"2025-05-31T18:57:16.241142","level":"info","event":"\u001b[0m18:57:16  Found 12 models, 48 data tests, 1 source, 476 macros","logger":"airflow.task.hooks.airflow.providers.standard.hooks.subprocess.SubprocessHook"}
{"timestamp":"2025-05-31T18:57:16.246297","level":"info","event":"\u001b[0m18:57:16","logger":"airflow.task.hooks.airflow.providers.standard.hooks.subprocess.SubprocessHook"}
{"timestamp":"2025-05-31T18:57:16.247636","level":"info","event":"\u001b[0m18:57:16  Concurrency: 4 threads (target='dev')","logger":"airflow.task.hooks.airflow.providers.standard.hooks.subprocess.SubprocessHook"}
{"timestamp":"2025-05-31T18:57:16.249409","level":"info","event":"\u001b[0m18:57:16","logger":"airflow.task.hooks.airflow.providers.standard.hooks.subprocess.SubprocessHook"}
{"timestamp":"2025-05-31T18:57:18.601775","level":"info","event":"\u001b[0m18:57:18  1 of 8 START sql table model STG_final.dim_customers ........................... [RUN]","logger":"airflow.task.hooks.airflow.providers.standard.hooks.subprocess.SubprocessHook"}
{"timestamp":"2025-05-31T18:57:18.603885","level":"info","event":"\u001b[0m18:57:18  2 of 8 START sql table model STG_final.dim_employee ............................ [RUN]","logger":"airflow.task.hooks.airflow.providers.standard.hooks.subprocess.SubprocessHook"}
{"timestamp":"2025-05-31T18:57:18.604877","level":"info","event":"\u001b[0m18:57:18  3 of 8 START sql table model STG_final.dim_issue_type .......................... [RUN]","logger":"airflow.task.hooks.airflow.providers.standard.hooks.subprocess.SubprocessHook"}
{"timestamp":"2025-05-31T18:57:18.608717","level":"info","event":"\u001b[0m18:57:18  4 of 8 START sql table model STG_final.dim_product ............................. [RUN]","logger":"airflow.task.hooks.airflow.providers.standard.hooks.subprocess.SubprocessHook"}
{"timestamp":"2025-05-31T18:57:19.131851","level":"info","event":"\u001b[0m18:57:19  1 of 8 ERROR creating sql table model STG_final.dim_customers .................. [\u001b[31mERROR\u001b[0m in 0.50s]","logger":"airflow.task.hooks.airflow.providers.standard.hooks.subprocess.SubprocessHook"}
{"timestamp":"2025-05-31T18:57:19.134767","level":"info","event":"\u001b[0m18:57:19  5 of 8 START sql table model STG_final.dim_store ............................... [RUN]","logger":"airflow.task.hooks.airflow.providers.standard.hooks.subprocess.SubprocessHook"}
{"timestamp":"2025-05-31T18:57:19.327698","level":"info","event":"\u001b[0m18:57:19  5 of 8 ERROR creating sql table model STG_final.dim_store ...................... [\u001b[31mERROR\u001b[0m in 0.18s]","logger":"airflow.task.hooks.airflow.providers.standard.hooks.subprocess.SubprocessHook"}
{"timestamp":"2025-05-31T18:57:19.331626","level":"info","event":"\u001b[0m18:57:19  6 of 8 START sql table model STG_final.fact_orders ............................. [RUN]","logger":"airflow.task.hooks.airflow.providers.standard.hooks.subprocess.SubprocessHook"}
{"timestamp":"2025-05-31T18:57:19.495372","level":"info","event":"\u001b[0m18:57:19  6 of 8 ERROR creating sql table model STG_final.fact_orders .................... [\u001b[31mERROR\u001b[0m in 0.16s]","logger":"airflow.task.hooks.airflow.providers.standard.hooks.subprocess.SubprocessHook"}
{"timestamp":"2025-05-31T18:57:19.498753","level":"info","event":"\u001b[0m18:57:19  7 of 8 START sql table model STG_final.fact_tickets ............................ [RUN]","logger":"airflow.task.hooks.airflow.providers.standard.hooks.subprocess.SubprocessHook"}
{"timestamp":"2025-05-31T18:57:19.573924","level":"info","event":"\u001b[0m18:57:19  2 of 8 OK created sql table model STG_final.dim_employee ....................... [\u001b[32mSUCCESS 1\u001b[0m in 0.96s]","logger":"airflow.task.hooks.airflow.providers.standard.hooks.subprocess.SubprocessHook"}
{"timestamp":"2025-05-31T18:57:19.578992","level":"info","event":"\u001b[0m18:57:19  8 of 8 SKIP relation STG_final.fact_sales_summary .............................. [\u001b[33mSKIP\u001b[0m]","logger":"airflow.task.hooks.airflow.providers.standard.hooks.subprocess.SubprocessHook"}
{"timestamp":"2025-05-31T18:57:19.705099","level":"info","event":"\u001b[0m18:57:19  7 of 8 ERROR creating sql table model STG_final.fact_tickets ................... [\u001b[31mERROR\u001b[0m in 0.20s]","logger":"airflow.task.hooks.airflow.providers.standard.hooks.subprocess.SubprocessHook"}
{"timestamp":"2025-05-31T18:57:19.798867","level":"info","event":"\u001b[0m18:57:19  3 of 8 ERROR creating sql table model STG_final.dim_issue_type ................. [\u001b[31mERROR\u001b[0m in 1.19s]","logger":"airflow.task.hooks.airflow.providers.standard.hooks.subprocess.SubprocessHook"}
{"timestamp":"2025-05-31T18:57:19.828853","level":"info","event":"\u001b[0m18:57:19  4 of 8 ERROR creating sql table model STG_final.dim_product .................... [\u001b[31mERROR\u001b[0m in 1.21s]","logger":"airflow.task.hooks.airflow.providers.standard.hooks.subprocess.SubprocessHook"}
{"timestamp":"2025-05-31T18:57:20.695814","level":"info","event":"\u001b[0m18:57:20","logger":"airflow.task.hooks.airflow.providers.standard.hooks.subprocess.SubprocessHook"}
{"timestamp":"2025-05-31T18:57:20.696739","level":"info","event":"\u001b[0m18:57:20  Finished running 8 table models in 0 hours 0 minutes and 4.44 seconds (4.44s).","logger":"airflow.task.hooks.airflow.providers.standard.hooks.subprocess.SubprocessHook"}
{"timestamp":"2025-05-31T18:57:20.856680","level":"info","event":"\u001b[0m18:57:20","logger":"airflow.task.hooks.airflow.providers.standard.hooks.subprocess.SubprocessHook"}
{"timestamp":"2025-05-31T18:57:20.863041","level":"info","event":"\u001b[0m18:57:20  \u001b[31mCompleted with 6 errors, 0 partial successes, and 0 warnings:\u001b[0m","logger":"airflow.task.hooks.airflow.providers.standard.hooks.subprocess.SubprocessHook"}
{"timestamp":"2025-05-31T18:57:20.870462","level":"info","event":"\u001b[0m18:57:20","logger":"airflow.task.hooks.airflow.providers.standard.hooks.subprocess.SubprocessHook"}
{"timestamp":"2025-05-31T18:57:20.872422","level":"info","event":"\u001b[0m18:57:20    Database Error in model dim_customers (models/marts/dim/dim_customers.sql)","logger":"airflow.task.hooks.airflow.providers.standard.hooks.subprocess.SubprocessHook"}
{"timestamp":"2025-05-31T18:57:20.872730","level":"info","event":"  002003 (02000): SQL compilation error:","logger":"airflow.task.hooks.airflow.providers.standard.hooks.subprocess.SubprocessHook"}
{"timestamp":"2025-05-31T18:57:20.872902","level":"info","event":"  Schema 'MOCKKARO_DB.STG_STG' does not exist or not authorized.","logger":"airflow.task.hooks.airflow.providers.standard.hooks.subprocess.SubprocessHook"}
{"timestamp":"2025-05-31T18:57:20.873046","level":"info","event":"  compiled code at target/run/mockkaro_dbt/models/marts/dim/dim_customers.sql","logger":"airflow.task.hooks.airflow.providers.standard.hooks.subprocess.SubprocessHook"}
{"timestamp":"2025-05-31T18:57:20.873618","level":"info","event":"\u001b[0m18:57:20","logger":"airflow.task.hooks.airflow.providers.standard.hooks.subprocess.SubprocessHook"}
{"timestamp":"2025-05-31T18:57:20.875265","level":"info","event":"\u001b[0m18:57:20    Database Error in model dim_store (models/marts/dim/dim_store.sql)","logger":"airflow.task.hooks.airflow.providers.standard.hooks.subprocess.SubprocessHook"}
{"timestamp":"2025-05-31T18:57:20.875716","level":"info","event":"  002003 (02000): SQL compilation error:","logger":"airflow.task.hooks.airflow.providers.standard.hooks.subprocess.SubprocessHook"}
{"timestamp":"2025-05-31T18:57:20.875877","level":"info","event":"  Schema 'MOCKKARO_DB.STG_STG' does not exist or not authorized.","logger":"airflow.task.hooks.airflow.providers.standard.hooks.subprocess.SubprocessHook"}
{"timestamp":"2025-05-31T18:57:20.875999","level":"info","event":"  compiled code at target/run/mockkaro_dbt/models/marts/dim/dim_store.sql","logger":"airflow.task.hooks.airflow.providers.standard.hooks.subprocess.SubprocessHook"}
{"timestamp":"2025-05-31T18:57:20.876707","level":"info","event":"\u001b[0m18:57:20","logger":"airflow.task.hooks.airflow.providers.standard.hooks.subprocess.SubprocessHook"}
{"timestamp":"2025-05-31T18:57:20.878337","level":"info","event":"\u001b[0m18:57:20    Database Error in model fact_orders (models/marts/fact/fact_orders.sql)","logger":"airflow.task.hooks.airflow.providers.standard.hooks.subprocess.SubprocessHook"}
{"timestamp":"2025-05-31T18:57:20.878592","level":"info","event":"  002003 (02000): SQL compilation error:","logger":"airflow.task.hooks.airflow.providers.standard.hooks.subprocess.SubprocessHook"}
{"timestamp":"2025-05-31T18:57:20.878728","level":"info","event":"  Schema 'MOCKKARO_DB.STG_STG' does not exist or not authorized.","logger":"airflow.task.hooks.airflow.providers.standard.hooks.subprocess.SubprocessHook"}
{"timestamp":"2025-05-31T18:57:20.878842","level":"info","event":"  compiled code at target/run/mockkaro_dbt/models/marts/fact/fact_orders.sql","logger":"airflow.task.hooks.airflow.providers.standard.hooks.subprocess.SubprocessHook"}
{"timestamp":"2025-05-31T18:57:20.880076","level":"info","event":"\u001b[0m18:57:20","logger":"airflow.task.hooks.airflow.providers.standard.hooks.subprocess.SubprocessHook"}
{"timestamp":"2025-05-31T18:57:20.883861","level":"info","event":"\u001b[0m18:57:20    Database Error in model fact_tickets (models/marts/fact/fact_tickets.sql)","logger":"airflow.task.hooks.airflow.providers.standard.hooks.subprocess.SubprocessHook"}
{"timestamp":"2025-05-31T18:57:20.884286","level":"info","event":"  002003 (02000): SQL compilation error:","logger":"airflow.task.hooks.airflow.providers.standard.hooks.subprocess.SubprocessHook"}
{"timestamp":"2025-05-31T18:57:20.884454","level":"info","event":"  Schema 'MOCKKARO_DB.STG_STG' does not exist or not authorized.","logger":"airflow.task.hooks.airflow.providers.standard.hooks.subprocess.SubprocessHook"}
{"timestamp":"2025-05-31T18:57:20.884581","level":"info","event":"  compiled code at target/run/mockkaro_dbt/models/marts/fact/fact_tickets.sql","logger":"airflow.task.hooks.airflow.providers.standard.hooks.subprocess.SubprocessHook"}
{"timestamp":"2025-05-31T18:57:20.887053","level":"info","event":"\u001b[0m18:57:20","logger":"airflow.task.hooks.airflow.providers.standard.hooks.subprocess.SubprocessHook"}
{"timestamp":"2025-05-31T18:57:20.889137","level":"info","event":"\u001b[0m18:57:20    Database Error in model dim_issue_type (models/marts/dim/dim_issue_type.sql)","logger":"airflow.task.hooks.airflow.providers.standard.hooks.subprocess.SubprocessHook"}
{"timestamp":"2025-05-31T18:57:20.889528","level":"info","event":"  002003 (02000): SQL compilation error:","logger":"airflow.task.hooks.airflow.providers.standard.hooks.subprocess.SubprocessHook"}
{"timestamp":"2025-05-31T18:57:20.889686","level":"info","event":"  Schema 'MOCKKARO_DB.STG_STG' does not exist or not authorized.","logger":"airflow.task.hooks.airflow.providers.standard.hooks.subprocess.SubprocessHook"}
{"timestamp":"2025-05-31T18:57:20.889787","level":"info","event":"  compiled code at target/run/mockkaro_dbt/models/marts/dim/dim_issue_type.sql","logger":"airflow.task.hooks.airflow.providers.standard.hooks.subprocess.SubprocessHook"}
{"timestamp":"2025-05-31T18:57:20.891472","level":"info","event":"\u001b[0m18:57:20","logger":"airflow.task.hooks.airflow.providers.standard.hooks.subprocess.SubprocessHook"}
{"timestamp":"2025-05-31T18:57:20.893203","level":"info","event":"\u001b[0m18:57:20    Database Error in model dim_product (models/marts/dim/dim_product.sql)","logger":"airflow.task.hooks.airflow.providers.standard.hooks.subprocess.SubprocessHook"}
{"timestamp":"2025-05-31T18:57:20.893458","level":"info","event":"  002003 (02000): SQL compilation error:","logger":"airflow.task.hooks.airflow.providers.standard.hooks.subprocess.SubprocessHook"}
{"timestamp":"2025-05-31T18:57:20.893599","level":"info","event":"  Schema 'MOCKKARO_DB.STG_STG' does not exist or not authorized.","logger":"airflow.task.hooks.airflow.providers.standard.hooks.subprocess.SubprocessHook"}
{"timestamp":"2025-05-31T18:57:20.893717","level":"info","event":"  compiled code at target/run/mockkaro_dbt/models/marts/dim/dim_product.sql","logger":"airflow.task.hooks.airflow.providers.standard.hooks.subprocess.SubprocessHook"}
{"timestamp":"2025-05-31T18:57:20.894753","level":"info","event":"\u001b[0m18:57:20","logger":"airflow.task.hooks.airflow.providers.standard.hooks.subprocess.SubprocessHook"}
{"timestamp":"2025-05-31T18:57:20.896711","level":"info","event":"\u001b[0m18:57:20  Done. PASS=1 WARN=0 ERROR=6 SKIP=1 TOTAL=8","logger":"airflow.task.hooks.airflow.providers.standard.hooks.subprocess.SubprocessHook"}
{"timestamp":"2025-05-31T18:57:22.751583","level":"info","event":"Command exited with return code 1","logger":"airflow.task.hooks.airflow.providers.standard.hooks.subprocess.SubprocessHook"}
{"timestamp":"2025-05-31T18:57:22.754000","level":"error","event":"Task failed with exception","logger":"task","error_detail":[{"exc_type":"AirflowException","exc_value":"Bash command failed. The command returned a non-zero exit code 1.","exc_notes":[],"syntax_error":null,"is_cause":false,"frames":[{"filename":"/home/airflow/.local/lib/python3.12/site-packages/airflow/sdk/execution_time/task_runner.py","lineno":838,"name":"run"},{"filename":"/home/airflow/.local/lib/python3.12/site-packages/airflow/sdk/execution_time/task_runner.py","lineno":1130,"name":"_execute_task"},{"filename":"/home/airflow/.local/lib/python3.12/site-packages/airflow/sdk/bases/operator.py","lineno":408,"name":"wrapper"},{"filename":"/home/airflow/.local/lib/python3.12/site-packages/airflow/providers/standard/operators/bash.py","lineno":233,"name":"execute"}]}]}
