{"timestamp":"2025-05-31T20:16:23.632738","level":"info","event":"DAG bundles loaded: dags-folder","logger":"airflow.dag_processing.bundles.manager.DagBundlesManager"}
{"timestamp":"2025-05-31T20:16:23.633557","level":"info","event":"Filling up the DagBag from /opt/airflow/dags/dbt_orchestration_dag.py","logger":"airflow.models.dagbag.DagBag"}
{"timestamp":"2025-05-31T20:16:24.471764","level":"info","event":"Tmp dir root location: /tmp","logger":"airflow.task.hooks.airflow.providers.standard.hooks.subprocess.SubprocessHook"}
{"timestamp":"2025-05-31T20:16:24.473851","level":"info","event":"Running command: ['/usr/bin/bash', '-c', 'cd /opt/airflow/dbt_project/mockkaro_dbt && dbt run --select marts']","logger":"airflow.task.hooks.airflow.providers.standard.hooks.subprocess.SubprocessHook"}
{"timestamp":"2025-05-31T20:16:24.501679","level":"info","event":"Output:","logger":"airflow.task.hooks.airflow.providers.standard.hooks.subprocess.SubprocessHook"}
{"timestamp":"2025-05-31T20:16:28.406881","level":"info","event":"\u001b[0m20:16:28  Running with dbt=1.9.6","logger":"airflow.task.hooks.airflow.providers.standard.hooks.subprocess.SubprocessHook"}
{"timestamp":"2025-05-31T20:16:29.510143","level":"info","event":"\u001b[0m20:16:29  Registered adapter: snowflake=1.9.4","logger":"airflow.task.hooks.airflow.providers.standard.hooks.subprocess.SubprocessHook"}
{"timestamp":"2025-05-31T20:16:30.760412","level":"info","event":"\u001b[0m20:16:30  [\u001b[33mWARNING\u001b[0m]: Configuration paths exist in your dbt_project.yml file which do not apply to any resources.","logger":"airflow.task.hooks.airflow.providers.standard.hooks.subprocess.SubprocessHook"}
{"timestamp":"2025-05-31T20:16:30.760606","level":"info","event":"There are 2 unused configuration paths:","logger":"airflow.task.hooks.airflow.providers.standard.hooks.subprocess.SubprocessHook"}
{"timestamp":"2025-05-31T20:16:30.760699","level":"info","event":"- models.mockkaro_dbt.marts.fact","logger":"airflow.task.hooks.airflow.providers.standard.hooks.subprocess.SubprocessHook"}
{"timestamp":"2025-05-31T20:16:30.760783","level":"info","event":"- models.mockkaro_dbt.marts.dim","logger":"airflow.task.hooks.airflow.providers.standard.hooks.subprocess.SubprocessHook"}
{"timestamp":"2025-05-31T20:16:31.004873","level":"info","event":"\u001b[0m20:16:31  Found 12 models, 48 data tests, 1 source, 476 macros","logger":"airflow.task.hooks.airflow.providers.standard.hooks.subprocess.SubprocessHook"}
{"timestamp":"2025-05-31T20:16:31.010983","level":"info","event":"\u001b[0m20:16:31","logger":"airflow.task.hooks.airflow.providers.standard.hooks.subprocess.SubprocessHook"}
{"timestamp":"2025-05-31T20:16:31.012579","level":"info","event":"\u001b[0m20:16:31  Concurrency: 4 threads (target='dev')","logger":"airflow.task.hooks.airflow.providers.standard.hooks.subprocess.SubprocessHook"}
{"timestamp":"2025-05-31T20:16:31.013656","level":"info","event":"\u001b[0m20:16:31","logger":"airflow.task.hooks.airflow.providers.standard.hooks.subprocess.SubprocessHook"}
{"timestamp":"2025-05-31T20:16:32.966634","level":"info","event":"\u001b[0m20:16:32  1 of 8 START sql table model STG_final.dim_customers ........................... [RUN]","logger":"airflow.task.hooks.airflow.providers.standard.hooks.subprocess.SubprocessHook"}
{"timestamp":"2025-05-31T20:16:32.968133","level":"info","event":"\u001b[0m20:16:32  2 of 8 START sql table model STG_final.dim_employee ............................ [RUN]","logger":"airflow.task.hooks.airflow.providers.standard.hooks.subprocess.SubprocessHook"}
{"timestamp":"2025-05-31T20:16:32.969134","level":"info","event":"\u001b[0m20:16:32  3 of 8 START sql table model STG_final.dim_issue_type .......................... [RUN]","logger":"airflow.task.hooks.airflow.providers.standard.hooks.subprocess.SubprocessHook"}
{"timestamp":"2025-05-31T20:16:32.970007","level":"info","event":"\u001b[0m20:16:32  4 of 8 START sql table model STG_final.dim_product ............................. [RUN]","logger":"airflow.task.hooks.airflow.providers.standard.hooks.subprocess.SubprocessHook"}
{"timestamp":"2025-05-31T20:16:33.927058","level":"info","event":"\u001b[0m20:16:33  1 of 8 OK created sql table model STG_final.dim_customers ...................... [\u001b[32mSUCCESS 1\u001b[0m in 0.95s]","logger":"airflow.task.hooks.airflow.providers.standard.hooks.subprocess.SubprocessHook"}
{"timestamp":"2025-05-31T20:16:33.928856","level":"info","event":"\u001b[0m20:16:33  2 of 8 OK created sql table model STG_final.dim_employee ....................... [\u001b[32mSUCCESS 1\u001b[0m in 0.95s]","logger":"airflow.task.hooks.airflow.providers.standard.hooks.subprocess.SubprocessHook"}
{"timestamp":"2025-05-31T20:16:33.941073","level":"info","event":"\u001b[0m20:16:33  5 of 8 START sql table model STG_final.dim_store ............................... [RUN]","logger":"airflow.task.hooks.airflow.providers.standard.hooks.subprocess.SubprocessHook"}
{"timestamp":"2025-05-31T20:16:33.942875","level":"info","event":"\u001b[0m20:16:33  6 of 8 START sql table model STG_final.fact_orders ............................. [RUN]","logger":"airflow.task.hooks.airflow.providers.standard.hooks.subprocess.SubprocessHook"}
{"timestamp":"2025-05-31T20:16:34.252760","level":"info","event":"\u001b[0m20:16:34  3 of 8 OK created sql table model STG_final.dim_issue_type ..................... [\u001b[32mSUCCESS 1\u001b[0m in 1.28s]","logger":"airflow.task.hooks.airflow.providers.standard.hooks.subprocess.SubprocessHook"}
{"timestamp":"2025-05-31T20:16:34.256081","level":"info","event":"\u001b[0m20:16:34  7 of 8 START sql table model STG_final.fact_tickets ............................ [RUN]","logger":"airflow.task.hooks.airflow.providers.standard.hooks.subprocess.SubprocessHook"}
{"timestamp":"2025-05-31T20:16:34.271837","level":"info","event":"\u001b[0m20:16:34  4 of 8 OK created sql table model STG_final.dim_product ........................ [\u001b[32mSUCCESS 1\u001b[0m in 1.30s]","logger":"airflow.task.hooks.airflow.providers.standard.hooks.subprocess.SubprocessHook"}
{"timestamp":"2025-05-31T20:16:34.659363","level":"info","event":"\u001b[0m20:16:34  6 of 8 OK created sql table model STG_final.fact_orders ........................ [\u001b[32mSUCCESS 1\u001b[0m in 0.71s]","logger":"airflow.task.hooks.airflow.providers.standard.hooks.subprocess.SubprocessHook"}
{"timestamp":"2025-05-31T20:16:34.664179","level":"info","event":"\u001b[0m20:16:34  8 of 8 START sql table model STG_final.fact_sales_summary ...................... [RUN]","logger":"airflow.task.hooks.airflow.providers.standard.hooks.subprocess.SubprocessHook"}
{"timestamp":"2025-05-31T20:16:34.737663","level":"info","event":"\u001b[0m20:16:34  5 of 8 OK created sql table model STG_final.dim_store .......................... [\u001b[32mSUCCESS 1\u001b[0m in 0.79s]","logger":"airflow.task.hooks.airflow.providers.standard.hooks.subprocess.SubprocessHook"}
{"timestamp":"2025-05-31T20:16:35.050125","level":"info","event":"\u001b[0m20:16:35  7 of 8 OK created sql table model STG_final.fact_tickets ....................... [\u001b[32mSUCCESS 1\u001b[0m in 0.79s]","logger":"airflow.task.hooks.airflow.providers.standard.hooks.subprocess.SubprocessHook"}
{"timestamp":"2025-05-31T20:16:35.377753","level":"info","event":"\u001b[0m20:16:35  8 of 8 OK created sql table model STG_final.fact_sales_summary ................. [\u001b[32mSUCCESS 1\u001b[0m in 0.71s]","logger":"airflow.task.hooks.airflow.providers.standard.hooks.subprocess.SubprocessHook"}
{"timestamp":"2025-05-31T20:16:36.207333","level":"info","event":"\u001b[0m20:16:36","logger":"airflow.task.hooks.airflow.providers.standard.hooks.subprocess.SubprocessHook"}
{"timestamp":"2025-05-31T20:16:36.209902","level":"info","event":"\u001b[0m20:16:36  Finished running 8 table models in 0 hours 0 minutes and 5.19 seconds (5.19s).","logger":"airflow.task.hooks.airflow.providers.standard.hooks.subprocess.SubprocessHook"}
{"timestamp":"2025-05-31T20:16:36.310082","level":"info","event":"\u001b[0m20:16:36","logger":"airflow.task.hooks.airflow.providers.standard.hooks.subprocess.SubprocessHook"}
{"timestamp":"2025-05-31T20:16:36.310994","level":"info","event":"\u001b[0m20:16:36  \u001b[32mCompleted successfully\u001b[0m","logger":"airflow.task.hooks.airflow.providers.standard.hooks.subprocess.SubprocessHook"}
{"timestamp":"2025-05-31T20:16:36.311881","level":"info","event":"\u001b[0m20:16:36","logger":"airflow.task.hooks.airflow.providers.standard.hooks.subprocess.SubprocessHook"}
{"timestamp":"2025-05-31T20:16:36.312756","level":"info","event":"\u001b[0m20:16:36  Done. PASS=8 WARN=0 ERROR=0 SKIP=0 TOTAL=8","logger":"airflow.task.hooks.airflow.providers.standard.hooks.subprocess.SubprocessHook"}
{"timestamp":"2025-05-31T20:16:38.165387","level":"info","event":"Command exited with return code 0","logger":"airflow.task.hooks.airflow.providers.standard.hooks.subprocess.SubprocessHook"}
{"timestamp":"2025-05-31T20:16:38.167259","level":"info","event":"Pushing xcom","ti":"RuntimeTaskInstance(id=UUID('019727f6-60ae-705d-a39a-45ca7852da33'), task_id='dbt_tasks.dbt_run_marts', dag_id='combined_pipeline_dag', run_id='manual__2025-05-31T20:09:07.148019+00:00', try_number=1, map_index=-1, hostname='2b7ebc220546', context_carrier=None, task=<Task(BashOperator): dbt_tasks.dbt_run_marts>, bundle_instance=LocalDagBundle(name=dags-folder), max_tries=1, start_date=datetime.datetime(2025, 5, 31, 20, 16, 23, 560897, tzinfo=TzInfo(UTC)), end_date=None, state=<TaskInstanceState.RUNNING: 'running'>, is_mapped=False, rendered_map_index=None)","logger":"task"}
