{"timestamp":"2025-05-31T19:58:30.890698","level":"info","event":"DAG bundles loaded: dags-folder","logger":"airflow.dag_processing.bundles.manager.DagBundlesManager"}
{"timestamp":"2025-05-31T19:58:30.906645","level":"info","event":"Filling up the DagBag from /opt/airflow/dags/dbt_orchestration_dag.py","logger":"airflow.models.dagbag.DagBag"}
{"timestamp":"2025-05-31T19:58:36.972447","level":"info","event":"Tmp dir root location: /tmp","logger":"airflow.task.hooks.airflow.providers.standard.hooks.subprocess.SubprocessHook"}
{"timestamp":"2025-05-31T19:58:36.979754","level":"info","event":"Running command: ['/usr/bin/bash', '-c', 'cd /opt/airflow/dbt_project/mockkaro_dbt && dbt run --select staging']","logger":"airflow.task.hooks.airflow.providers.standard.hooks.subprocess.SubprocessHook"}
{"timestamp":"2025-05-31T19:58:37.020504","level":"info","event":"Output:","logger":"airflow.task.hooks.airflow.providers.standard.hooks.subprocess.SubprocessHook"}
{"timestamp":"2025-05-31T19:58:44.438240","level":"info","event":"\u001b[0m19:58:44  Running with dbt=1.9.6","logger":"airflow.task.hooks.airflow.providers.standard.hooks.subprocess.SubprocessHook"}
{"timestamp":"2025-05-31T19:58:47.052633","level":"info","event":"\u001b[0m19:58:47  Registered adapter: snowflake=1.9.4","logger":"airflow.task.hooks.airflow.providers.standard.hooks.subprocess.SubprocessHook"}
{"timestamp":"2025-05-31T19:58:47.445693","level":"info","event":"\u001b[0m19:58:47  Unable to do partial parsing because of a version mismatch","logger":"airflow.task.hooks.airflow.providers.standard.hooks.subprocess.SubprocessHook"}
{"timestamp":"2025-05-31T19:58:50.930473","level":"info","event":"\u001b[0m19:58:50  [\u001b[33mWARNING\u001b[0m]: Test 'test.mockkaro_dbt.relationships_fact_orders_CUSTOMER_ID_NK__customer_id__ref_dim_customer_.856110df7f' (models/marts/fact/fact_orders.yml) depends on a node named 'dim_customer' in package '' which was not found","logger":"airflow.task.hooks.airflow.providers.standard.hooks.subprocess.SubprocessHook"}
{"timestamp":"2025-05-31T19:58:51.040619","level":"info","event":"\u001b[0m19:58:51  [\u001b[33mWARNING\u001b[0m]: Configuration paths exist in your dbt_project.yml file which do not apply to any resources.","logger":"airflow.task.hooks.airflow.providers.standard.hooks.subprocess.SubprocessHook"}
{"timestamp":"2025-05-31T19:58:51.040786","level":"info","event":"There are 2 unused configuration paths:","logger":"airflow.task.hooks.airflow.providers.standard.hooks.subprocess.SubprocessHook"}
{"timestamp":"2025-05-31T19:58:51.040854","level":"info","event":"- models.mockkaro_dbt.marts.dim","logger":"airflow.task.hooks.airflow.providers.standard.hooks.subprocess.SubprocessHook"}
{"timestamp":"2025-05-31T19:58:51.040918","level":"info","event":"- models.mockkaro_dbt.marts.fact","logger":"airflow.task.hooks.airflow.providers.standard.hooks.subprocess.SubprocessHook"}
{"timestamp":"2025-05-31T19:58:51.328361","level":"info","event":"\u001b[0m19:58:51  Found 12 models, 48 data tests, 1 source, 476 macros","logger":"airflow.task.hooks.airflow.providers.standard.hooks.subprocess.SubprocessHook"}
{"timestamp":"2025-05-31T19:58:51.334733","level":"info","event":"\u001b[0m19:58:51","logger":"airflow.task.hooks.airflow.providers.standard.hooks.subprocess.SubprocessHook"}
{"timestamp":"2025-05-31T19:58:51.335827","level":"info","event":"\u001b[0m19:58:51  Concurrency: 4 threads (target='dev')","logger":"airflow.task.hooks.airflow.providers.standard.hooks.subprocess.SubprocessHook"}
{"timestamp":"2025-05-31T19:58:51.336544","level":"info","event":"\u001b[0m19:58:51","logger":"airflow.task.hooks.airflow.providers.standard.hooks.subprocess.SubprocessHook"}
{"timestamp":"2025-05-31T19:58:54.248872","level":"info","event":"\u001b[0m19:58:54  1 of 4 START sql view model STG_stg.stg_customers .............................. [RUN]","logger":"airflow.task.hooks.airflow.providers.standard.hooks.subprocess.SubprocessHook"}
{"timestamp":"2025-05-31T19:58:54.249712","level":"info","event":"\u001b[0m19:58:54  2 of 4 START sql view model STG_stg.stg_order .................................. [RUN]","logger":"airflow.task.hooks.airflow.providers.standard.hooks.subprocess.SubprocessHook"}
{"timestamp":"2025-05-31T19:58:54.250575","level":"info","event":"\u001b[0m19:58:54  3 of 4 START sql view model STG_stg.stg_products ............................... [RUN]","logger":"airflow.task.hooks.airflow.providers.standard.hooks.subprocess.SubprocessHook"}
{"timestamp":"2025-05-31T19:58:54.251565","level":"info","event":"\u001b[0m19:58:54  4 of 4 START sql view model STG_stg.stg_tickets ................................ [RUN]","logger":"airflow.task.hooks.airflow.providers.standard.hooks.subprocess.SubprocessHook"}
{"timestamp":"2025-05-31T19:58:54.679488","level":"info","event":"\u001b[0m19:58:54  1 of 4 OK created sql view model STG_stg.stg_customers ......................... [\u001b[32mSUCCESS 1\u001b[0m in 0.42s]","logger":"airflow.task.hooks.airflow.providers.standard.hooks.subprocess.SubprocessHook"}
{"timestamp":"2025-05-31T19:58:54.755783","level":"info","event":"\u001b[0m19:58:54  2 of 4 OK created sql view model STG_stg.stg_order ............................. [\u001b[32mSUCCESS 1\u001b[0m in 0.50s]","logger":"airflow.task.hooks.airflow.providers.standard.hooks.subprocess.SubprocessHook"}
{"timestamp":"2025-05-31T19:58:55.107510","level":"info","event":"\u001b[0m19:58:55  3 of 4 OK created sql view model STG_stg.stg_products .......................... [\u001b[32mSUCCESS 1\u001b[0m in 0.85s]","logger":"airflow.task.hooks.airflow.providers.standard.hooks.subprocess.SubprocessHook"}
{"timestamp":"2025-05-31T19:58:55.119343","level":"info","event":"\u001b[0m19:58:55  4 of 4 OK created sql view model STG_stg.stg_tickets ........................... [\u001b[32mSUCCESS 1\u001b[0m in 0.86s]","logger":"airflow.task.hooks.airflow.providers.standard.hooks.subprocess.SubprocessHook"}
{"timestamp":"2025-05-31T19:58:55.965328","level":"info","event":"\u001b[0m19:58:55","logger":"airflow.task.hooks.airflow.providers.standard.hooks.subprocess.SubprocessHook"}
{"timestamp":"2025-05-31T19:58:55.968878","level":"info","event":"\u001b[0m19:58:55  Finished running 4 view models in 0 hours 0 minutes and 4.63 seconds (4.63s).","logger":"airflow.task.hooks.airflow.providers.standard.hooks.subprocess.SubprocessHook"}
{"timestamp":"2025-05-31T19:58:56.092597","level":"info","event":"\u001b[0m19:58:56","logger":"airflow.task.hooks.airflow.providers.standard.hooks.subprocess.SubprocessHook"}
{"timestamp":"2025-05-31T19:58:56.094464","level":"info","event":"\u001b[0m19:58:56  \u001b[32mCompleted successfully\u001b[0m","logger":"airflow.task.hooks.airflow.providers.standard.hooks.subprocess.SubprocessHook"}
{"timestamp":"2025-05-31T19:58:56.096368","level":"info","event":"\u001b[0m19:58:56","logger":"airflow.task.hooks.airflow.providers.standard.hooks.subprocess.SubprocessHook"}
{"timestamp":"2025-05-31T19:58:56.098099","level":"info","event":"\u001b[0m19:58:56  Done. PASS=4 WARN=0 ERROR=0 SKIP=0 TOTAL=4","logger":"airflow.task.hooks.airflow.providers.standard.hooks.subprocess.SubprocessHook"}
{"timestamp":"2025-05-31T19:58:57.865537","level":"info","event":"Command exited with return code 0","logger":"airflow.task.hooks.airflow.providers.standard.hooks.subprocess.SubprocessHook"}
{"timestamp":"2025-05-31T19:58:57.868654","level":"info","event":"Pushing xcom","ti":"RuntimeTaskInstance(id=UUID('019727e6-712e-78b0-8eee-54522d46adb6'), task_id='dbt_tasks.dbt_run_stg', dag_id='combined_pipeline_dag', run_id='manual__2025-05-31T19:51:43.039369+00:00', try_number=1, map_index=-1, hostname='2b7ebc220546', context_carrier=None, task=<Task(BashOperator): dbt_tasks.dbt_run_stg>, bundle_instance=LocalDagBundle(name=dags-folder), max_tries=1, start_date=datetime.datetime(2025, 5, 31, 19, 58, 29, 342635, tzinfo=TzInfo(UTC)), end_date=None, state=<TaskInstanceState.RUNNING: 'running'>, is_mapped=False, rendered_map_index=None)","logger":"task"}
