{"timestamp":"2025-05-31T16:36:26.694758","level":"info","event":"DAG bundles loaded: dags-folder","logger":"airflow.dag_processing.bundles.manager.DagBundlesManager"}
{"timestamp":"2025-05-31T16:36:26.701536","level":"info","event":"Filling up the DagBag from /opt/airflow/dags/dbt_orchestration_dag.py","logger":"airflow.models.dagbag.DagBag"}
{"timestamp":"2025-05-31T16:36:27.591103","level":"info","event":"Tmp dir root location: /tmp","logger":"airflow.task.hooks.airflow.providers.standard.hooks.subprocess.SubprocessHook"}
{"timestamp":"2025-05-31T16:36:27.612154","level":"info","event":"Running command: ['/usr/bin/bash', '-c', 'cd /opt/airflow/dbt_project/mockkaro_dbt && dbt run --select marts']","logger":"airflow.task.hooks.airflow.providers.standard.hooks.subprocess.SubprocessHook"}
{"timestamp":"2025-05-31T16:36:27.641799","level":"info","event":"Output:","logger":"airflow.task.hooks.airflow.providers.standard.hooks.subprocess.SubprocessHook"}
{"timestamp":"2025-05-31T16:36:37.548687","level":"info","event":"\u001b[0m16:36:37  Running with dbt=1.9.6","logger":"airflow.task.hooks.airflow.providers.standard.hooks.subprocess.SubprocessHook"}
{"timestamp":"2025-05-31T16:36:45.142713","level":"info","event":"\u001b[0m16:36:45  Registered adapter: snowflake=1.9.4","logger":"airflow.task.hooks.airflow.providers.standard.hooks.subprocess.SubprocessHook"}
{"timestamp":"2025-05-31T16:36:47.451762","level":"info","event":"\u001b[0m16:36:47  [\u001b[33mWARNING\u001b[0m]: Configuration paths exist in your dbt_project.yml file which do not apply to any resources.","logger":"airflow.task.hooks.airflow.providers.standard.hooks.subprocess.SubprocessHook"}
{"timestamp":"2025-05-31T16:36:47.452172","level":"info","event":"There are 2 unused configuration paths:","logger":"airflow.task.hooks.airflow.providers.standard.hooks.subprocess.SubprocessHook"}
{"timestamp":"2025-05-31T16:36:47.452429","level":"info","event":"- models.mockkaro_dbt.marts.fact","logger":"airflow.task.hooks.airflow.providers.standard.hooks.subprocess.SubprocessHook"}
{"timestamp":"2025-05-31T16:36:47.452715","level":"info","event":"- models.mockkaro_dbt.marts.dim","logger":"airflow.task.hooks.airflow.providers.standard.hooks.subprocess.SubprocessHook"}
{"timestamp":"2025-05-31T16:36:48.246105","level":"info","event":"\u001b[0m16:36:48  Found 12 models, 40 data tests, 1 source, 476 macros","logger":"airflow.task.hooks.airflow.providers.standard.hooks.subprocess.SubprocessHook"}
{"timestamp":"2025-05-31T16:36:48.264877","level":"info","event":"\u001b[0m16:36:48","logger":"airflow.task.hooks.airflow.providers.standard.hooks.subprocess.SubprocessHook"}
{"timestamp":"2025-05-31T16:36:48.268885","level":"info","event":"\u001b[0m16:36:48  Concurrency: 4 threads (target='dev')","logger":"airflow.task.hooks.airflow.providers.standard.hooks.subprocess.SubprocessHook"}
{"timestamp":"2025-05-31T16:36:48.272192","level":"info","event":"\u001b[0m16:36:48","logger":"airflow.task.hooks.airflow.providers.standard.hooks.subprocess.SubprocessHook"}
{"timestamp":"2025-05-31T16:36:52.503401","level":"info","event":"\u001b[0m16:36:52  1 of 8 START sql table model STG_final.dim_customers ........................... [RUN]","logger":"airflow.task.hooks.airflow.providers.standard.hooks.subprocess.SubprocessHook"}
{"timestamp":"2025-05-31T16:36:52.515719","level":"info","event":"\u001b[0m16:36:52  2 of 8 START sql table model STG_final.dim_employee ............................ [RUN]","logger":"airflow.task.hooks.airflow.providers.standard.hooks.subprocess.SubprocessHook"}
{"timestamp":"2025-05-31T16:36:52.518200","level":"info","event":"\u001b[0m16:36:52  4 of 8 START sql table model STG_final.dim_product ............................. [RUN]","logger":"airflow.task.hooks.airflow.providers.standard.hooks.subprocess.SubprocessHook"}
{"timestamp":"2025-05-31T16:36:52.521580","level":"info","event":"\u001b[0m16:36:52  3 of 8 START sql table model STG_final.dim_issue_type .......................... [RUN]","logger":"airflow.task.hooks.airflow.providers.standard.hooks.subprocess.SubprocessHook"}
{"timestamp":"2025-05-31T16:36:54.468883","level":"info","event":"\u001b[0m16:36:54  2 of 8 OK created sql table model STG_final.dim_employee ....................... [\u001b[32mSUCCESS 1\u001b[0m in 1.92s]","logger":"airflow.task.hooks.airflow.providers.standard.hooks.subprocess.SubprocessHook"}
{"timestamp":"2025-05-31T16:36:54.480762","level":"info","event":"\u001b[0m16:36:54  1 of 8 OK created sql table model STG_final.dim_customers ...................... [\u001b[32mSUCCESS 1\u001b[0m in 1.93s]","logger":"airflow.task.hooks.airflow.providers.standard.hooks.subprocess.SubprocessHook"}
{"timestamp":"2025-05-31T16:36:54.519565","level":"info","event":"\u001b[0m16:36:54  5 of 8 START sql table model STG_final.dim_store ............................... [RUN]","logger":"airflow.task.hooks.airflow.providers.standard.hooks.subprocess.SubprocessHook"}
{"timestamp":"2025-05-31T16:36:54.529067","level":"info","event":"\u001b[0m16:36:54  6 of 8 START sql table model STG_final.fact_orders ............................. [RUN]","logger":"airflow.task.hooks.airflow.providers.standard.hooks.subprocess.SubprocessHook"}
{"timestamp":"2025-05-31T16:36:55.414862","level":"info","event":"\u001b[0m16:36:55  3 of 8 OK created sql table model STG_final.dim_issue_type ..................... [\u001b[32mSUCCESS 1\u001b[0m in 2.86s]","logger":"airflow.task.hooks.airflow.providers.standard.hooks.subprocess.SubprocessHook"}
{"timestamp":"2025-05-31T16:36:55.418169","level":"info","event":"\u001b[0m16:36:55  5 of 8 ERROR creating sql table model STG_final.dim_store ...................... [\u001b[31mERROR\u001b[0m in 0.88s]","logger":"airflow.task.hooks.airflow.providers.standard.hooks.subprocess.SubprocessHook"}
{"timestamp":"2025-05-31T16:36:55.447910","level":"info","event":"\u001b[0m16:36:55  7 of 8 START sql table model STG_final.fact_tickets ............................ [RUN]","logger":"airflow.task.hooks.airflow.providers.standard.hooks.subprocess.SubprocessHook"}
{"timestamp":"2025-05-31T16:36:55.743603","level":"info","event":"\u001b[0m16:36:55  4 of 8 OK created sql table model STG_final.dim_product ........................ [\u001b[32mSUCCESS 1\u001b[0m in 3.18s]","logger":"airflow.task.hooks.airflow.providers.standard.hooks.subprocess.SubprocessHook"}
{"timestamp":"2025-05-31T16:36:55.746462","level":"info","event":"\u001b[0m16:36:55  6 of 8 OK created sql table model STG_final.fact_orders ........................ [\u001b[32mSUCCESS 1\u001b[0m in 1.19s]","logger":"airflow.task.hooks.airflow.providers.standard.hooks.subprocess.SubprocessHook"}
{"timestamp":"2025-05-31T16:36:55.776937","level":"info","event":"\u001b[0m16:36:55  8 of 8 START sql table model STG_final.fact_sales_summary ...................... [RUN]","logger":"airflow.task.hooks.airflow.providers.standard.hooks.subprocess.SubprocessHook"}
{"timestamp":"2025-05-31T16:36:56.402971","level":"info","event":"\u001b[0m16:36:56  7 of 8 OK created sql table model STG_final.fact_tickets ....................... [\u001b[32mSUCCESS 1\u001b[0m in 0.94s]","logger":"airflow.task.hooks.airflow.providers.standard.hooks.subprocess.SubprocessHook"}
{"timestamp":"2025-05-31T16:36:56.687374","level":"info","event":"\u001b[0m16:36:56  8 of 8 OK created sql table model STG_final.fact_sales_summary ................. [\u001b[32mSUCCESS 1\u001b[0m in 0.90s]","logger":"airflow.task.hooks.airflow.providers.standard.hooks.subprocess.SubprocessHook"}
{"timestamp":"2025-05-31T16:36:57.763707","level":"info","event":"\u001b[0m16:36:57","logger":"airflow.task.hooks.airflow.providers.standard.hooks.subprocess.SubprocessHook"}
{"timestamp":"2025-05-31T16:36:57.780538","level":"info","event":"\u001b[0m16:36:57  Finished running 8 table models in 0 hours 0 minutes and 9.49 seconds (9.49s).","logger":"airflow.task.hooks.airflow.providers.standard.hooks.subprocess.SubprocessHook"}
{"timestamp":"2025-05-31T16:36:58.671256","level":"info","event":"\u001b[0m16:36:58","logger":"airflow.task.hooks.airflow.providers.standard.hooks.subprocess.SubprocessHook"}
{"timestamp":"2025-05-31T16:36:58.675365","level":"info","event":"\u001b[0m16:36:58  \u001b[31mCompleted with 1 error, 0 partial successes, and 0 warnings:\u001b[0m","logger":"airflow.task.hooks.airflow.providers.standard.hooks.subprocess.SubprocessHook"}
{"timestamp":"2025-05-31T16:36:58.686244","level":"info","event":"\u001b[0m16:36:58","logger":"airflow.task.hooks.airflow.providers.standard.hooks.subprocess.SubprocessHook"}
{"timestamp":"2025-05-31T16:36:58.691311","level":"info","event":"\u001b[0m16:36:58    Database Error in model dim_store (models/marts/dim/dim_store.sql)","logger":"airflow.task.hooks.airflow.providers.standard.hooks.subprocess.SubprocessHook"}
{"timestamp":"2025-05-31T16:36:58.691890","level":"info","event":"  001003 (42000): SQL compilation error:","logger":"airflow.task.hooks.airflow.providers.standard.hooks.subprocess.SubprocessHook"}
{"timestamp":"2025-05-31T16:36:58.692236","level":"info","event":"  syntax error line 20 at position 18 unexpected '('.","logger":"airflow.task.hooks.airflow.providers.standard.hooks.subprocess.SubprocessHook"}
{"timestamp":"2025-05-31T16:36:58.692913","level":"info","event":"  syntax error line 23 at position 8 unexpected ')'.","logger":"airflow.task.hooks.airflow.providers.standard.hooks.subprocess.SubprocessHook"}
{"timestamp":"2025-05-31T16:36:58.693112","level":"info","event":"  compiled code at target/run/mockkaro_dbt/models/marts/dim/dim_store.sql","logger":"airflow.task.hooks.airflow.providers.standard.hooks.subprocess.SubprocessHook"}
{"timestamp":"2025-05-31T16:36:58.694098","level":"info","event":"\u001b[0m16:36:58","logger":"airflow.task.hooks.airflow.providers.standard.hooks.subprocess.SubprocessHook"}
{"timestamp":"2025-05-31T16:36:58.697644","level":"info","event":"\u001b[0m16:36:58  Done. PASS=7 WARN=0 ERROR=1 SKIP=0 TOTAL=8","logger":"airflow.task.hooks.airflow.providers.standard.hooks.subprocess.SubprocessHook"}
{"timestamp":"2025-05-31T16:37:02.384281","level":"info","event":"Command exited with return code 1","logger":"airflow.task.hooks.airflow.providers.standard.hooks.subprocess.SubprocessHook"}
{"timestamp":"2025-05-31T16:37:02.388998","level":"error","event":"Task failed with exception","logger":"task","error_detail":[{"exc_type":"AirflowException","exc_value":"Bash command failed. The command returned a non-zero exit code 1.","exc_notes":[],"syntax_error":null,"is_cause":false,"frames":[{"filename":"/home/airflow/.local/lib/python3.12/site-packages/airflow/sdk/execution_time/task_runner.py","lineno":838,"name":"run"},{"filename":"/home/airflow/.local/lib/python3.12/site-packages/airflow/sdk/execution_time/task_runner.py","lineno":1130,"name":"_execute_task"},{"filename":"/home/airflow/.local/lib/python3.12/site-packages/airflow/sdk/bases/operator.py","lineno":408,"name":"wrapper"},{"filename":"/home/airflow/.local/lib/python3.12/site-packages/airflow/providers/standard/operators/bash.py","lineno":233,"name":"execute"}]}]}
{"timestamp":"2025-05-31T16:37:02.466004","level":"error","event":"Top level error","logger":"task","error_detail":[{"exc_type":"UndefinedError","exc_value":"'airflow.sdk.execution_time.task_runner.RuntimeTaskInstance object' has no attribute 'log_url'","exc_notes":[],"syntax_error":null,"is_cause":false,"frames":[{"filename":"/home/airflow/.local/lib/python3.12/site-packages/airflow/sdk/execution_time/task_runner.py","lineno":1268,"name":"main"},{"filename":"/home/airflow/.local/lib/python3.12/site-packages/airflow/sdk/execution_time/task_runner.py","lineno":1248,"name":"finalize"},{"filename":"/home/airflow/.local/lib/python3.12/site-packages/airflow/sdk/execution_time/task_runner.py","lineno":1076,"name":"_send_task_error_email"},{"filename":"/home/airflow/.local/lib/python3.12/site-packages/airflow/models/taskinstance.py","lineno":473,"name":"_get_email_subject_content"},{"filename":"/home/airflow/.local/lib/python3.12/site-packages/airflow/models/taskinstance.py","lineno":470,"name":"render"},{"filename":"/home/airflow/.local/lib/python3.12/site-packages/airflow/utils/helpers.py","lineno":244,"name":"render_template_to_string"},{"filename":"/home/airflow/.local/lib/python3.12/site-packages/airflow/utils/helpers.py","lineno":239,"name":"render_template"},{"filename":"<template>","lineno":22,"name":"root"},{"filename":"/home/airflow/.local/lib/python3.12/site-packages/jinja2/runtime.py","lineno":859,"name":"_fail_with_undefined_error"}]}]}
{"timestamp":"2025-05-31T16:37:02.559471Z","level":"warning","event":"Process exited abnormally","exit_code":1,"logger":"task"}
