{"timestamp":"2025-05-31T16:33:59.746888","level":"info","event":"DAG bundles loaded: dags-folder","logger":"airflow.dag_processing.bundles.manager.DagBundlesManager"}
{"timestamp":"2025-05-31T16:33:59.750585","level":"info","event":"Filling up the DagBag from /opt/airflow/dags/dbt_orchestration_dag.py","logger":"airflow.models.dagbag.DagBag"}
{"timestamp":"2025-05-31T16:33:59.883087","level":"info","event":"Tmp dir root location: /tmp","logger":"airflow.task.hooks.airflow.providers.standard.hooks.subprocess.SubprocessHook"}
{"timestamp":"2025-05-31T16:33:59.923110","level":"info","event":"Running command: ['/usr/bin/bash', '-c', 'cd /opt/airflow/dbt_project/mockkaro_dbt && dbt run --select marts']","logger":"airflow.task.hooks.airflow.providers.standard.hooks.subprocess.SubprocessHook"}
{"timestamp":"2025-05-31T16:33:59.983125","level":"info","event":"Output:","logger":"airflow.task.hooks.airflow.providers.standard.hooks.subprocess.SubprocessHook"}
{"timestamp":"2025-05-31T16:34:05.914355","level":"info","event":"\u001b[0m16:34:05  Running with dbt=1.9.6","logger":"airflow.task.hooks.airflow.providers.standard.hooks.subprocess.SubprocessHook"}
{"timestamp":"2025-05-31T16:34:08.018214","level":"info","event":"\u001b[0m16:34:08  Registered adapter: snowflake=1.9.4","logger":"airflow.task.hooks.airflow.providers.standard.hooks.subprocess.SubprocessHook"}
{"timestamp":"2025-05-31T16:34:09.656604","level":"info","event":"\u001b[0m16:34:09  Unable to do partial parsing because of a version mismatch","logger":"airflow.task.hooks.airflow.providers.standard.hooks.subprocess.SubprocessHook"}
{"timestamp":"2025-05-31T16:34:13.682191","level":"info","event":"\u001b[0m16:34:13  [\u001b[33mWARNING\u001b[0m]: Test 'test.mockkaro_dbt.relationships_fact_orders_CUSTOMER_ID_NK__customer_id__ref_dim_customer_.856110df7f' (models/marts/fact/fact_orders.yml) depends on a node named 'dim_customer' in package '' which was not found","logger":"airflow.task.hooks.airflow.providers.standard.hooks.subprocess.SubprocessHook"}
{"timestamp":"2025-05-31T16:34:13.845408","level":"info","event":"\u001b[0m16:34:13  [\u001b[33mWARNING\u001b[0m]: Configuration paths exist in your dbt_project.yml file which do not apply to any resources.","logger":"airflow.task.hooks.airflow.providers.standard.hooks.subprocess.SubprocessHook"}
{"timestamp":"2025-05-31T16:34:13.845615","level":"info","event":"There are 2 unused configuration paths:","logger":"airflow.task.hooks.airflow.providers.standard.hooks.subprocess.SubprocessHook"}
{"timestamp":"2025-05-31T16:34:13.845703","level":"info","event":"- models.mockkaro_dbt.marts.fact","logger":"airflow.task.hooks.airflow.providers.standard.hooks.subprocess.SubprocessHook"}
{"timestamp":"2025-05-31T16:34:13.845778","level":"info","event":"- models.mockkaro_dbt.marts.dim","logger":"airflow.task.hooks.airflow.providers.standard.hooks.subprocess.SubprocessHook"}
{"timestamp":"2025-05-31T16:34:14.062643","level":"info","event":"\u001b[0m16:34:14  Found 12 models, 40 data tests, 1 source, 476 macros","logger":"airflow.task.hooks.airflow.providers.standard.hooks.subprocess.SubprocessHook"}
{"timestamp":"2025-05-31T16:34:14.070392","level":"info","event":"\u001b[0m16:34:14","logger":"airflow.task.hooks.airflow.providers.standard.hooks.subprocess.SubprocessHook"}
{"timestamp":"2025-05-31T16:34:14.071509","level":"info","event":"\u001b[0m16:34:14  Concurrency: 4 threads (target='dev')","logger":"airflow.task.hooks.airflow.providers.standard.hooks.subprocess.SubprocessHook"}
{"timestamp":"2025-05-31T16:34:14.072316","level":"info","event":"\u001b[0m16:34:14","logger":"airflow.task.hooks.airflow.providers.standard.hooks.subprocess.SubprocessHook"}
{"timestamp":"2025-05-31T16:34:17.018684","level":"info","event":"\u001b[0m16:34:17  1 of 8 START sql table model STG_final.dim_customers ........................... [RUN]","logger":"airflow.task.hooks.airflow.providers.standard.hooks.subprocess.SubprocessHook"}
{"timestamp":"2025-05-31T16:34:17.019801","level":"info","event":"\u001b[0m16:34:17  2 of 8 START sql table model STG_final.dim_employee ............................ [RUN]","logger":"airflow.task.hooks.airflow.providers.standard.hooks.subprocess.SubprocessHook"}
{"timestamp":"2025-05-31T16:34:17.020736","level":"info","event":"\u001b[0m16:34:17  3 of 8 START sql table model STG_final.dim_issue_type .......................... [RUN]","logger":"airflow.task.hooks.airflow.providers.standard.hooks.subprocess.SubprocessHook"}
{"timestamp":"2025-05-31T16:34:17.022554","level":"info","event":"\u001b[0m16:34:17  4 of 8 START sql table model STG_final.dim_product ............................. [RUN]","logger":"airflow.task.hooks.airflow.providers.standard.hooks.subprocess.SubprocessHook"}
{"timestamp":"2025-05-31T16:34:18.172570","level":"info","event":"\u001b[0m16:34:18  2 of 8 OK created sql table model STG_final.dim_employee ....................... [\u001b[32mSUCCESS 1\u001b[0m in 1.14s]","logger":"airflow.task.hooks.airflow.providers.standard.hooks.subprocess.SubprocessHook"}
{"timestamp":"2025-05-31T16:34:18.174003","level":"info","event":"\u001b[0m16:34:18  3 of 8 OK created sql table model STG_final.dim_issue_type ..................... [\u001b[32mSUCCESS 1\u001b[0m in 1.15s]","logger":"airflow.task.hooks.airflow.providers.standard.hooks.subprocess.SubprocessHook"}
{"timestamp":"2025-05-31T16:34:18.180605","level":"info","event":"\u001b[0m16:34:18  5 of 8 START sql table model STG_final.dim_store ............................... [RUN]","logger":"airflow.task.hooks.airflow.providers.standard.hooks.subprocess.SubprocessHook"}
{"timestamp":"2025-05-31T16:34:18.181930","level":"info","event":"\u001b[0m16:34:18  6 of 8 START sql table model STG_final.fact_orders ............................. [RUN]","logger":"airflow.task.hooks.airflow.providers.standard.hooks.subprocess.SubprocessHook"}
{"timestamp":"2025-05-31T16:34:18.213442","level":"info","event":"\u001b[0m16:34:18  1 of 8 OK created sql table model STG_final.dim_customers ...................... [\u001b[32mSUCCESS 1\u001b[0m in 1.19s]","logger":"airflow.task.hooks.airflow.providers.standard.hooks.subprocess.SubprocessHook"}
{"timestamp":"2025-05-31T16:34:18.218888","level":"info","event":"\u001b[0m16:34:18  7 of 8 START sql table model STG_final.fact_tickets ............................ [RUN]","logger":"airflow.task.hooks.airflow.providers.standard.hooks.subprocess.SubprocessHook"}
{"timestamp":"2025-05-31T16:34:18.457785","level":"info","event":"\u001b[0m16:34:18  5 of 8 ERROR creating sql table model STG_final.dim_store ...................... [\u001b[31mERROR\u001b[0m in 0.27s]","logger":"airflow.task.hooks.airflow.providers.standard.hooks.subprocess.SubprocessHook"}
{"timestamp":"2025-05-31T16:34:18.476787","level":"info","event":"\u001b[0m16:34:18  4 of 8 OK created sql table model STG_final.dim_product ........................ [\u001b[32mSUCCESS 1\u001b[0m in 1.45s]","logger":"airflow.task.hooks.airflow.providers.standard.hooks.subprocess.SubprocessHook"}
{"timestamp":"2025-05-31T16:34:18.771190","level":"info","event":"\u001b[0m16:34:18  6 of 8 OK created sql table model STG_final.fact_orders ........................ [\u001b[32mSUCCESS 1\u001b[0m in 0.58s]","logger":"airflow.task.hooks.airflow.providers.standard.hooks.subprocess.SubprocessHook"}
{"timestamp":"2025-05-31T16:34:18.781164","level":"info","event":"\u001b[0m16:34:18  8 of 8 START sql table model STG_final.fact_sales_summary ...................... [RUN]","logger":"airflow.task.hooks.airflow.providers.standard.hooks.subprocess.SubprocessHook"}
{"timestamp":"2025-05-31T16:34:18.891797","level":"info","event":"\u001b[0m16:34:18  7 of 8 OK created sql table model STG_final.fact_tickets ....................... [\u001b[32mSUCCESS 1\u001b[0m in 0.67s]","logger":"airflow.task.hooks.airflow.providers.standard.hooks.subprocess.SubprocessHook"}
{"timestamp":"2025-05-31T16:34:19.505524","level":"info","event":"\u001b[0m16:34:19  8 of 8 OK created sql table model STG_final.fact_sales_summary ................. [\u001b[32mSUCCESS 1\u001b[0m in 0.72s]","logger":"airflow.task.hooks.airflow.providers.standard.hooks.subprocess.SubprocessHook"}
{"timestamp":"2025-05-31T16:34:20.376308","level":"info","event":"\u001b[0m16:34:20","logger":"airflow.task.hooks.airflow.providers.standard.hooks.subprocess.SubprocessHook"}
{"timestamp":"2025-05-31T16:34:20.377842","level":"info","event":"\u001b[0m16:34:20  Finished running 8 table models in 0 hours 0 minutes and 6.30 seconds (6.30s).","logger":"airflow.task.hooks.airflow.providers.standard.hooks.subprocess.SubprocessHook"}
{"timestamp":"2025-05-31T16:34:20.472163","level":"info","event":"\u001b[0m16:34:20","logger":"airflow.task.hooks.airflow.providers.standard.hooks.subprocess.SubprocessHook"}
{"timestamp":"2025-05-31T16:34:20.473101","level":"info","event":"\u001b[0m16:34:20  \u001b[31mCompleted with 1 error, 0 partial successes, and 0 warnings:\u001b[0m","logger":"airflow.task.hooks.airflow.providers.standard.hooks.subprocess.SubprocessHook"}
{"timestamp":"2025-05-31T16:34:20.473908","level":"info","event":"\u001b[0m16:34:20","logger":"airflow.task.hooks.airflow.providers.standard.hooks.subprocess.SubprocessHook"}
{"timestamp":"2025-05-31T16:34:20.474834","level":"info","event":"\u001b[0m16:34:20    Database Error in model dim_store (models/marts/dim/dim_store.sql)","logger":"airflow.task.hooks.airflow.providers.standard.hooks.subprocess.SubprocessHook"}
{"timestamp":"2025-05-31T16:34:20.474983","level":"info","event":"  001003 (42000): SQL compilation error:","logger":"airflow.task.hooks.airflow.providers.standard.hooks.subprocess.SubprocessHook"}
{"timestamp":"2025-05-31T16:34:20.475065","level":"info","event":"  syntax error line 20 at position 18 unexpected '('.","logger":"airflow.task.hooks.airflow.providers.standard.hooks.subprocess.SubprocessHook"}
{"timestamp":"2025-05-31T16:34:20.475188","level":"info","event":"  syntax error line 23 at position 8 unexpected ')'.","logger":"airflow.task.hooks.airflow.providers.standard.hooks.subprocess.SubprocessHook"}
{"timestamp":"2025-05-31T16:34:20.475273","level":"info","event":"  compiled code at target/run/mockkaro_dbt/models/marts/dim/dim_store.sql","logger":"airflow.task.hooks.airflow.providers.standard.hooks.subprocess.SubprocessHook"}
{"timestamp":"2025-05-31T16:34:20.475370","level":"info","event":"\u001b[0m16:34:20","logger":"airflow.task.hooks.airflow.providers.standard.hooks.subprocess.SubprocessHook"}
{"timestamp":"2025-05-31T16:34:20.476294","level":"info","event":"\u001b[0m16:34:20  Done. PASS=7 WARN=0 ERROR=1 SKIP=0 TOTAL=8","logger":"airflow.task.hooks.airflow.providers.standard.hooks.subprocess.SubprocessHook"}
{"timestamp":"2025-05-31T16:34:22.787971","level":"info","event":"Command exited with return code 1","logger":"airflow.task.hooks.airflow.providers.standard.hooks.subprocess.SubprocessHook"}
{"timestamp":"2025-05-31T16:34:22.795982","level":"error","event":"Task failed with exception","logger":"task","error_detail":[{"exc_type":"AirflowException","exc_value":"Bash command failed. The command returned a non-zero exit code 1.","exc_notes":[],"syntax_error":null,"is_cause":false,"frames":[{"filename":"/home/airflow/.local/lib/python3.12/site-packages/airflow/sdk/execution_time/task_runner.py","lineno":838,"name":"run"},{"filename":"/home/airflow/.local/lib/python3.12/site-packages/airflow/sdk/execution_time/task_runner.py","lineno":1130,"name":"_execute_task"},{"filename":"/home/airflow/.local/lib/python3.12/site-packages/airflow/sdk/bases/operator.py","lineno":408,"name":"wrapper"},{"filename":"/home/airflow/.local/lib/python3.12/site-packages/airflow/providers/standard/operators/bash.py","lineno":233,"name":"execute"}]}]}
