{"timestamp":"2025-05-31T19:20:59.367907","level":"info","event":"DAG bundles loaded: dags-folder","logger":"airflow.dag_processing.bundles.manager.DagBundlesManager"}
{"timestamp":"2025-05-31T19:20:59.398156","level":"info","event":"Filling up the DagBag from /opt/airflow/dags/dbt_orchestration_dag.py","logger":"airflow.models.dagbag.DagBag"}
{"timestamp":"2025-05-31T19:21:08.392499","level":"info","event":"Tmp dir root location: /tmp","logger":"airflow.task.hooks.airflow.providers.standard.hooks.subprocess.SubprocessHook"}
{"timestamp":"2025-05-31T19:21:08.467628","level":"info","event":"Running command: ['/usr/bin/bash', '-c', 'cd /opt/airflow/dbt_project/mockkaro_dbt && dbt run --select staging']","logger":"airflow.task.hooks.airflow.providers.standard.hooks.subprocess.SubprocessHook"}
{"timestamp":"2025-05-31T19:21:08.609317","level":"info","event":"Output:","logger":"airflow.task.hooks.airflow.providers.standard.hooks.subprocess.SubprocessHook"}
{"timestamp":"2025-05-31T19:21:18.015128","level":"info","event":"\u001b[0m19:21:18  Running with dbt=1.9.6","logger":"airflow.task.hooks.airflow.providers.standard.hooks.subprocess.SubprocessHook"}
{"timestamp":"2025-05-31T19:21:21.097117","level":"info","event":"\u001b[0m19:21:21  Registered adapter: snowflake=1.9.4","logger":"airflow.task.hooks.airflow.providers.standard.hooks.subprocess.SubprocessHook"}
{"timestamp":"2025-05-31T19:21:23.054038","level":"info","event":"\u001b[0m19:21:23  [\u001b[33mWARNING\u001b[0m]: Configuration paths exist in your dbt_project.yml file which do not apply to any resources.","logger":"airflow.task.hooks.airflow.providers.standard.hooks.subprocess.SubprocessHook"}
{"timestamp":"2025-05-31T19:21:23.054293","level":"info","event":"There are 2 unused configuration paths:","logger":"airflow.task.hooks.airflow.providers.standard.hooks.subprocess.SubprocessHook"}
{"timestamp":"2025-05-31T19:21:23.054388","level":"info","event":"- models.mockkaro_dbt.marts.dim","logger":"airflow.task.hooks.airflow.providers.standard.hooks.subprocess.SubprocessHook"}
{"timestamp":"2025-05-31T19:21:23.054501","level":"info","event":"- models.mockkaro_dbt.marts.fact","logger":"airflow.task.hooks.airflow.providers.standard.hooks.subprocess.SubprocessHook"}
{"timestamp":"2025-05-31T19:21:23.457919","level":"info","event":"\u001b[0m19:21:23  Found 12 models, 48 data tests, 1 source, 476 macros","logger":"airflow.task.hooks.airflow.providers.standard.hooks.subprocess.SubprocessHook"}
{"timestamp":"2025-05-31T19:21:23.479889","level":"info","event":"\u001b[0m19:21:23","logger":"airflow.task.hooks.airflow.providers.standard.hooks.subprocess.SubprocessHook"}
{"timestamp":"2025-05-31T19:21:23.487008","level":"info","event":"\u001b[0m19:21:23  Concurrency: 4 threads (target='dev')","logger":"airflow.task.hooks.airflow.providers.standard.hooks.subprocess.SubprocessHook"}
{"timestamp":"2025-05-31T19:21:23.489479","level":"info","event":"\u001b[0m19:21:23","logger":"airflow.task.hooks.airflow.providers.standard.hooks.subprocess.SubprocessHook"}
{"timestamp":"2025-05-31T19:21:27.283741","level":"info","event":"\u001b[0m19:21:27  1 of 4 START sql view model STG_stg.stg_customers .............................. [RUN]","logger":"airflow.task.hooks.airflow.providers.standard.hooks.subprocess.SubprocessHook"}
{"timestamp":"2025-05-31T19:21:27.285139","level":"info","event":"\u001b[0m19:21:27  2 of 4 START sql view model STG_stg.stg_order .................................. [RUN]","logger":"airflow.task.hooks.airflow.providers.standard.hooks.subprocess.SubprocessHook"}
{"timestamp":"2025-05-31T19:21:27.286754","level":"info","event":"\u001b[0m19:21:27  3 of 4 START sql view model STG_stg.stg_products ............................... [RUN]","logger":"airflow.task.hooks.airflow.providers.standard.hooks.subprocess.SubprocessHook"}
{"timestamp":"2025-05-31T19:21:27.288553","level":"info","event":"\u001b[0m19:21:27  4 of 4 START sql view model STG_stg.stg_tickets ................................ [RUN]","logger":"airflow.task.hooks.airflow.providers.standard.hooks.subprocess.SubprocessHook"}
{"timestamp":"2025-05-31T19:21:28.214250","level":"info","event":"\u001b[0m19:21:28  1 of 4 OK created sql view model STG_stg.stg_customers ......................... [\u001b[32mSUCCESS 1\u001b[0m in 0.91s]","logger":"airflow.task.hooks.airflow.providers.standard.hooks.subprocess.SubprocessHook"}
{"timestamp":"2025-05-31T19:21:28.287370","level":"info","event":"\u001b[0m19:21:28  2 of 4 OK created sql view model STG_stg.stg_order ............................. [\u001b[32mSUCCESS 1\u001b[0m in 0.99s]","logger":"airflow.task.hooks.airflow.providers.standard.hooks.subprocess.SubprocessHook"}
{"timestamp":"2025-05-31T19:21:28.835845","level":"info","event":"\u001b[0m19:21:28  3 of 4 OK created sql view model STG_stg.stg_products .......................... [\u001b[32mSUCCESS 1\u001b[0m in 1.52s]","logger":"airflow.task.hooks.airflow.providers.standard.hooks.subprocess.SubprocessHook"}
{"timestamp":"2025-05-31T19:21:28.867735","level":"info","event":"\u001b[0m19:21:28  4 of 4 OK created sql view model STG_stg.stg_tickets ........................... [\u001b[32mSUCCESS 1\u001b[0m in 1.55s]","logger":"airflow.task.hooks.airflow.providers.standard.hooks.subprocess.SubprocessHook"}
{"timestamp":"2025-05-31T19:21:29.759025","level":"info","event":"\u001b[0m19:21:29","logger":"airflow.task.hooks.airflow.providers.standard.hooks.subprocess.SubprocessHook"}
{"timestamp":"2025-05-31T19:21:29.764580","level":"info","event":"\u001b[0m19:21:29  Finished running 4 view models in 0 hours 0 minutes and 6.27 seconds (6.27s).","logger":"airflow.task.hooks.airflow.providers.standard.hooks.subprocess.SubprocessHook"}
{"timestamp":"2025-05-31T19:21:29.896637","level":"info","event":"\u001b[0m19:21:29","logger":"airflow.task.hooks.airflow.providers.standard.hooks.subprocess.SubprocessHook"}
{"timestamp":"2025-05-31T19:21:29.899763","level":"info","event":"\u001b[0m19:21:29  \u001b[32mCompleted successfully\u001b[0m","logger":"airflow.task.hooks.airflow.providers.standard.hooks.subprocess.SubprocessHook"}
{"timestamp":"2025-05-31T19:21:29.901588","level":"info","event":"\u001b[0m19:21:29","logger":"airflow.task.hooks.airflow.providers.standard.hooks.subprocess.SubprocessHook"}
{"timestamp":"2025-05-31T19:21:29.903249","level":"info","event":"\u001b[0m19:21:29  Done. PASS=4 WARN=0 ERROR=0 SKIP=0 TOTAL=4","logger":"airflow.task.hooks.airflow.providers.standard.hooks.subprocess.SubprocessHook"}
{"timestamp":"2025-05-31T19:21:32.021042","level":"info","event":"Command exited with return code 0","logger":"airflow.task.hooks.airflow.providers.standard.hooks.subprocess.SubprocessHook"}
{"timestamp":"2025-05-31T19:21:32.023807","level":"info","event":"Pushing xcom","ti":"RuntimeTaskInstance(id=UUID('019727ba-0353-738c-ad7e-6b3a6b567800'), task_id='dbt_tasks.dbt_run_stg', dag_id='combined_pipeline_dag', run_id='manual__2025-05-31T19:03:11.321792+00:00', try_number=2, map_index=-1, hostname='2b7ebc220546', context_carrier=None, task=<Task(BashOperator): dbt_tasks.dbt_run_stg>, bundle_instance=LocalDagBundle(name=dags-folder), max_tries=1, start_date=datetime.datetime(2025, 5, 31, 19, 20, 48, 420164, tzinfo=TzInfo(UTC)), end_date=None, state=<TaskInstanceState.RUNNING: 'running'>, is_mapped=False, rendered_map_index=None)","logger":"task"}
