{"timestamp":"2025-05-31T17:55:31.758740","level":"info","event":"DAG bundles loaded: dags-folder","logger":"airflow.dag_processing.bundles.manager.DagBundlesManager"}
{"timestamp":"2025-05-31T17:55:31.762086","level":"info","event":"Filling up the DagBag from /opt/airflow/dags/dbt_orchestration_dag.py","logger":"airflow.models.dagbag.DagBag"}
{"timestamp":"2025-05-31T17:55:36.065770","level":"info","event":"Tmp dir root location: /tmp","logger":"airflow.task.hooks.airflow.providers.standard.hooks.subprocess.SubprocessHook"}
{"timestamp":"2025-05-31T17:55:36.093843","level":"info","event":"Running command: ['/usr/bin/bash', '-c', 'cd /opt/airflow/dbt_project/mockkaro_dbt && dbt run --select marts']","logger":"airflow.task.hooks.airflow.providers.standard.hooks.subprocess.SubprocessHook"}
{"timestamp":"2025-05-31T17:55:36.112926","level":"info","event":"Output:","logger":"airflow.task.hooks.airflow.providers.standard.hooks.subprocess.SubprocessHook"}
{"timestamp":"2025-05-31T17:55:40.138026","level":"info","event":"\u001b[0m17:55:40  Running with dbt=1.9.6","logger":"airflow.task.hooks.airflow.providers.standard.hooks.subprocess.SubprocessHook"}
{"timestamp":"2025-05-31T17:55:42.161206","level":"info","event":"\u001b[0m17:55:42  Registered adapter: snowflake=1.9.4","logger":"airflow.task.hooks.airflow.providers.standard.hooks.subprocess.SubprocessHook"}
{"timestamp":"2025-05-31T17:55:43.825858","level":"info","event":"\u001b[0m17:55:43  [\u001b[33mWARNING\u001b[0m]: Configuration paths exist in your dbt_project.yml file which do not apply to any resources.","logger":"airflow.task.hooks.airflow.providers.standard.hooks.subprocess.SubprocessHook"}
{"timestamp":"2025-05-31T17:55:43.826047","level":"info","event":"There are 2 unused configuration paths:","logger":"airflow.task.hooks.airflow.providers.standard.hooks.subprocess.SubprocessHook"}
{"timestamp":"2025-05-31T17:55:43.826152","level":"info","event":"- models.mockkaro_dbt.marts.dim","logger":"airflow.task.hooks.airflow.providers.standard.hooks.subprocess.SubprocessHook"}
{"timestamp":"2025-05-31T17:55:43.826234","level":"info","event":"- models.mockkaro_dbt.marts.fact","logger":"airflow.task.hooks.airflow.providers.standard.hooks.subprocess.SubprocessHook"}
{"timestamp":"2025-05-31T17:55:44.154891","level":"info","event":"\u001b[0m17:55:44  Found 12 models, 48 data tests, 1 source, 476 macros","logger":"airflow.task.hooks.airflow.providers.standard.hooks.subprocess.SubprocessHook"}
{"timestamp":"2025-05-31T17:55:44.159543","level":"info","event":"\u001b[0m17:55:44","logger":"airflow.task.hooks.airflow.providers.standard.hooks.subprocess.SubprocessHook"}
{"timestamp":"2025-05-31T17:55:44.160470","level":"info","event":"\u001b[0m17:55:44  Concurrency: 4 threads (target='dev')","logger":"airflow.task.hooks.airflow.providers.standard.hooks.subprocess.SubprocessHook"}
{"timestamp":"2025-05-31T17:55:44.161206","level":"info","event":"\u001b[0m17:55:44","logger":"airflow.task.hooks.airflow.providers.standard.hooks.subprocess.SubprocessHook"}
{"timestamp":"2025-05-31T17:55:47.205458","level":"info","event":"\u001b[0m17:55:47  1 of 8 START sql table model STG_final.dim_customers ........................... [RUN]","logger":"airflow.task.hooks.airflow.providers.standard.hooks.subprocess.SubprocessHook"}
{"timestamp":"2025-05-31T17:55:47.207568","level":"info","event":"\u001b[0m17:55:47  2 of 8 START sql table model STG_final.dim_employee ............................ [RUN]","logger":"airflow.task.hooks.airflow.providers.standard.hooks.subprocess.SubprocessHook"}
{"timestamp":"2025-05-31T17:55:47.210240","level":"info","event":"\u001b[0m17:55:47  3 of 8 START sql table model STG_final.dim_issue_type .......................... [RUN]","logger":"airflow.task.hooks.airflow.providers.standard.hooks.subprocess.SubprocessHook"}
{"timestamp":"2025-05-31T17:55:47.212190","level":"info","event":"\u001b[0m17:55:47  4 of 8 START sql table model STG_final.dim_product ............................. [RUN]","logger":"airflow.task.hooks.airflow.providers.standard.hooks.subprocess.SubprocessHook"}
{"timestamp":"2025-05-31T17:55:48.549516","level":"info","event":"\u001b[0m17:55:48  2 of 8 OK created sql table model STG_final.dim_employee ....................... [\u001b[32mSUCCESS 1\u001b[0m in 1.33s]","logger":"airflow.task.hooks.airflow.providers.standard.hooks.subprocess.SubprocessHook"}
{"timestamp":"2025-05-31T17:55:48.556585","level":"info","event":"\u001b[0m17:55:48  5 of 8 START sql table model STG_final.dim_store ............................... [RUN]","logger":"airflow.task.hooks.airflow.providers.standard.hooks.subprocess.SubprocessHook"}
{"timestamp":"2025-05-31T17:55:48.699822","level":"info","event":"\u001b[0m17:55:48  1 of 8 OK created sql table model STG_final.dim_customers ...................... [\u001b[32mSUCCESS 1\u001b[0m in 1.49s]","logger":"airflow.task.hooks.airflow.providers.standard.hooks.subprocess.SubprocessHook"}
{"timestamp":"2025-05-31T17:55:48.713982","level":"info","event":"\u001b[0m17:55:48  6 of 8 START sql table model STG_final.fact_orders ............................. [RUN]","logger":"airflow.task.hooks.airflow.providers.standard.hooks.subprocess.SubprocessHook"}
{"timestamp":"2025-05-31T17:55:49.034626","level":"info","event":"\u001b[0m17:55:49  3 of 8 OK created sql table model STG_final.dim_issue_type ..................... [\u001b[32mSUCCESS 1\u001b[0m in 1.82s]","logger":"airflow.task.hooks.airflow.providers.standard.hooks.subprocess.SubprocessHook"}
{"timestamp":"2025-05-31T17:55:49.037074","level":"info","event":"\u001b[0m17:55:49  7 of 8 START sql table model STG_final.fact_tickets ............................ [RUN]","logger":"airflow.task.hooks.airflow.providers.standard.hooks.subprocess.SubprocessHook"}
{"timestamp":"2025-05-31T17:55:49.235957","level":"info","event":"\u001b[0m17:55:49  4 of 8 OK created sql table model STG_final.dim_product ........................ [\u001b[32mSUCCESS 1\u001b[0m in 2.02s]","logger":"airflow.task.hooks.airflow.providers.standard.hooks.subprocess.SubprocessHook"}
{"timestamp":"2025-05-31T17:55:49.545808","level":"info","event":"\u001b[0m17:55:49  5 of 8 OK created sql table model STG_final.dim_store .......................... [\u001b[32mSUCCESS 1\u001b[0m in 0.99s]","logger":"airflow.task.hooks.airflow.providers.standard.hooks.subprocess.SubprocessHook"}
{"timestamp":"2025-05-31T17:55:49.728537","level":"info","event":"\u001b[0m17:55:49  6 of 8 OK created sql table model STG_final.fact_orders ........................ [\u001b[32mSUCCESS 1\u001b[0m in 1.01s]","logger":"airflow.task.hooks.airflow.providers.standard.hooks.subprocess.SubprocessHook"}
{"timestamp":"2025-05-31T17:55:49.731696","level":"info","event":"\u001b[0m17:55:49  8 of 8 START sql table model STG_final.fact_sales_summary ...................... [RUN]","logger":"airflow.task.hooks.airflow.providers.standard.hooks.subprocess.SubprocessHook"}
{"timestamp":"2025-05-31T17:55:49.984201","level":"info","event":"\u001b[0m17:55:49  7 of 8 OK created sql table model STG_final.fact_tickets ....................... [\u001b[32mSUCCESS 1\u001b[0m in 0.94s]","logger":"airflow.task.hooks.airflow.providers.standard.hooks.subprocess.SubprocessHook"}
{"timestamp":"2025-05-31T17:55:50.376142","level":"info","event":"\u001b[0m17:55:50  8 of 8 OK created sql table model STG_final.fact_sales_summary ................. [\u001b[32mSUCCESS 1\u001b[0m in 0.64s]","logger":"airflow.task.hooks.airflow.providers.standard.hooks.subprocess.SubprocessHook"}
{"timestamp":"2025-05-31T17:55:51.186871","level":"info","event":"\u001b[0m17:55:51","logger":"airflow.task.hooks.airflow.providers.standard.hooks.subprocess.SubprocessHook"}
{"timestamp":"2025-05-31T17:55:51.187812","level":"info","event":"\u001b[0m17:55:51  Finished running 8 table models in 0 hours 0 minutes and 7.02 seconds (7.02s).","logger":"airflow.task.hooks.airflow.providers.standard.hooks.subprocess.SubprocessHook"}
{"timestamp":"2025-05-31T17:55:51.320490","level":"info","event":"\u001b[0m17:55:51","logger":"airflow.task.hooks.airflow.providers.standard.hooks.subprocess.SubprocessHook"}
{"timestamp":"2025-05-31T17:55:51.321687","level":"info","event":"\u001b[0m17:55:51  \u001b[32mCompleted successfully\u001b[0m","logger":"airflow.task.hooks.airflow.providers.standard.hooks.subprocess.SubprocessHook"}
{"timestamp":"2025-05-31T17:55:51.323078","level":"info","event":"\u001b[0m17:55:51","logger":"airflow.task.hooks.airflow.providers.standard.hooks.subprocess.SubprocessHook"}
{"timestamp":"2025-05-31T17:55:51.324542","level":"info","event":"\u001b[0m17:55:51  Done. PASS=8 WARN=0 ERROR=0 SKIP=0 TOTAL=8","logger":"airflow.task.hooks.airflow.providers.standard.hooks.subprocess.SubprocessHook"}
{"timestamp":"2025-05-31T17:55:53.422203","level":"info","event":"Command exited with return code 0","logger":"airflow.task.hooks.airflow.providers.standard.hooks.subprocess.SubprocessHook"}
{"timestamp":"2025-05-31T17:55:53.429830","level":"info","event":"Pushing xcom","ti":"RuntimeTaskInstance(id=UUID('01972774-ed38-7396-b58a-4d9e41df4746'), task_id='dbt_tasks.dbt_run_marts', dag_id='combined_pipeline_dag', run_id='manual__2025-05-31T17:47:43.631114+00:00', try_number=1, map_index=-1, hostname='2b7ebc220546', context_carrier=None, task=<Task(BashOperator): dbt_tasks.dbt_run_marts>, bundle_instance=LocalDagBundle(name=dags-folder), max_tries=1, start_date=datetime.datetime(2025, 5, 31, 17, 55, 30, 568722, tzinfo=TzInfo(UTC)), end_date=None, state=<TaskInstanceState.RUNNING: 'running'>, is_mapped=False, rendered_map_index=None)","logger":"task"}
