{"timestamp":"2025-05-31T18:13:33.814907","level":"info","event":"DAG bundles loaded: dags-folder","logger":"airflow.dag_processing.bundles.manager.DagBundlesManager"}
{"timestamp":"2025-05-31T18:13:33.818331","level":"info","event":"Filling up the DagBag from /opt/airflow/dags/dbt_orchestration_dag.py","logger":"airflow.models.dagbag.DagBag"}
{"timestamp":"2025-05-31T18:13:36.343393","level":"info","event":"Tmp dir root location: /tmp","logger":"airflow.task.hooks.airflow.providers.standard.hooks.subprocess.SubprocessHook"}
{"timestamp":"2025-05-31T18:13:36.350696","level":"info","event":"Running command: ['/usr/bin/bash', '-c', 'cd /opt/airflow/dbt_project/mockkaro_dbt && dbt run --select marts']","logger":"airflow.task.hooks.airflow.providers.standard.hooks.subprocess.SubprocessHook"}
{"timestamp":"2025-05-31T18:13:36.369421","level":"info","event":"Output:","logger":"airflow.task.hooks.airflow.providers.standard.hooks.subprocess.SubprocessHook"}
{"timestamp":"2025-05-31T18:13:40.745066","level":"info","event":"\u001b[0m18:13:40  Running with dbt=1.9.6","logger":"airflow.task.hooks.airflow.providers.standard.hooks.subprocess.SubprocessHook"}
{"timestamp":"2025-05-31T18:13:42.462882","level":"info","event":"\u001b[0m18:13:42  Registered adapter: snowflake=1.9.4","logger":"airflow.task.hooks.airflow.providers.standard.hooks.subprocess.SubprocessHook"}
{"timestamp":"2025-05-31T18:13:43.531590","level":"info","event":"\u001b[0m18:13:43  [\u001b[33mWARNING\u001b[0m]: Configuration paths exist in your dbt_project.yml file which do not apply to any resources.","logger":"airflow.task.hooks.airflow.providers.standard.hooks.subprocess.SubprocessHook"}
{"timestamp":"2025-05-31T18:13:43.531859","level":"info","event":"There are 2 unused configuration paths:","logger":"airflow.task.hooks.airflow.providers.standard.hooks.subprocess.SubprocessHook"}
{"timestamp":"2025-05-31T18:13:43.531943","level":"info","event":"- models.mockkaro_dbt.marts.fact","logger":"airflow.task.hooks.airflow.providers.standard.hooks.subprocess.SubprocessHook"}
{"timestamp":"2025-05-31T18:13:43.532007","level":"info","event":"- models.mockkaro_dbt.marts.dim","logger":"airflow.task.hooks.airflow.providers.standard.hooks.subprocess.SubprocessHook"}
{"timestamp":"2025-05-31T18:13:43.752232","level":"info","event":"\u001b[0m18:13:43  Found 12 models, 48 data tests, 1 source, 476 macros","logger":"airflow.task.hooks.airflow.providers.standard.hooks.subprocess.SubprocessHook"}
{"timestamp":"2025-05-31T18:13:43.756946","level":"info","event":"\u001b[0m18:13:43","logger":"airflow.task.hooks.airflow.providers.standard.hooks.subprocess.SubprocessHook"}
{"timestamp":"2025-05-31T18:13:43.757679","level":"info","event":"\u001b[0m18:13:43  Concurrency: 4 threads (target='dev')","logger":"airflow.task.hooks.airflow.providers.standard.hooks.subprocess.SubprocessHook"}
{"timestamp":"2025-05-31T18:13:43.758422","level":"info","event":"\u001b[0m18:13:43","logger":"airflow.task.hooks.airflow.providers.standard.hooks.subprocess.SubprocessHook"}
{"timestamp":"2025-05-31T18:13:45.827476","level":"info","event":"\u001b[0m18:13:45  1 of 8 START sql table model STG_final.dim_customers ........................... [RUN]","logger":"airflow.task.hooks.airflow.providers.standard.hooks.subprocess.SubprocessHook"}
{"timestamp":"2025-05-31T18:13:45.828586","level":"info","event":"\u001b[0m18:13:45  2 of 8 START sql table model STG_final.dim_employee ............................ [RUN]","logger":"airflow.task.hooks.airflow.providers.standard.hooks.subprocess.SubprocessHook"}
{"timestamp":"2025-05-31T18:13:45.829245","level":"info","event":"\u001b[0m18:13:45  3 of 8 START sql table model STG_final.dim_issue_type .......................... [RUN]","logger":"airflow.task.hooks.airflow.providers.standard.hooks.subprocess.SubprocessHook"}
{"timestamp":"2025-05-31T18:13:45.830195","level":"info","event":"\u001b[0m18:13:45  4 of 8 START sql table model STG_final.dim_product ............................. [RUN]","logger":"airflow.task.hooks.airflow.providers.standard.hooks.subprocess.SubprocessHook"}
{"timestamp":"2025-05-31T18:13:46.264303","level":"info","event":"\u001b[0m18:13:46  1 of 8 ERROR creating sql table model STG_final.dim_customers .................. [\u001b[31mERROR\u001b[0m in 0.43s]","logger":"airflow.task.hooks.airflow.providers.standard.hooks.subprocess.SubprocessHook"}
{"timestamp":"2025-05-31T18:13:46.268917","level":"info","event":"\u001b[0m18:13:46  5 of 8 START sql table model STG_final.dim_store ............................... [RUN]","logger":"airflow.task.hooks.airflow.providers.standard.hooks.subprocess.SubprocessHook"}
{"timestamp":"2025-05-31T18:13:46.448479","level":"info","event":"\u001b[0m18:13:46  5 of 8 ERROR creating sql table model STG_final.dim_store ...................... [\u001b[31mERROR\u001b[0m in 0.18s]","logger":"airflow.task.hooks.airflow.providers.standard.hooks.subprocess.SubprocessHook"}
{"timestamp":"2025-05-31T18:13:46.451207","level":"info","event":"\u001b[0m18:13:46  6 of 8 START sql table model STG_final.fact_orders ............................. [RUN]","logger":"airflow.task.hooks.airflow.providers.standard.hooks.subprocess.SubprocessHook"}
{"timestamp":"2025-05-31T18:13:46.641710","level":"info","event":"\u001b[0m18:13:46  6 of 8 ERROR creating sql table model STG_final.fact_orders .................... [\u001b[31mERROR\u001b[0m in 0.19s]","logger":"airflow.task.hooks.airflow.providers.standard.hooks.subprocess.SubprocessHook"}
{"timestamp":"2025-05-31T18:13:46.646674","level":"info","event":"\u001b[0m18:13:46  7 of 8 START sql table model STG_final.fact_tickets ............................ [RUN]","logger":"airflow.task.hooks.airflow.providers.standard.hooks.subprocess.SubprocessHook"}
{"timestamp":"2025-05-31T18:13:46.701825","level":"info","event":"\u001b[0m18:13:46  4 of 8 ERROR creating sql table model STG_final.dim_product .................... [\u001b[31mERROR\u001b[0m in 0.85s]","logger":"airflow.task.hooks.airflow.providers.standard.hooks.subprocess.SubprocessHook"}
{"timestamp":"2025-05-31T18:13:46.711675","level":"info","event":"\u001b[0m18:13:46  2 of 8 OK created sql table model STG_final.dim_employee ....................... [\u001b[32mSUCCESS 1\u001b[0m in 0.88s]","logger":"airflow.task.hooks.airflow.providers.standard.hooks.subprocess.SubprocessHook"}
{"timestamp":"2025-05-31T18:13:46.721709","level":"info","event":"\u001b[0m18:13:46  8 of 8 SKIP relation STG_final.fact_sales_summary .............................. [\u001b[33mSKIP\u001b[0m]","logger":"airflow.task.hooks.airflow.providers.standard.hooks.subprocess.SubprocessHook"}
{"timestamp":"2025-05-31T18:13:46.778833","level":"info","event":"\u001b[0m18:13:46  3 of 8 ERROR creating sql table model STG_final.dim_issue_type ................. [\u001b[31mERROR\u001b[0m in 0.94s]","logger":"airflow.task.hooks.airflow.providers.standard.hooks.subprocess.SubprocessHook"}
{"timestamp":"2025-05-31T18:13:46.892409","level":"info","event":"\u001b[0m18:13:46  7 of 8 ERROR creating sql table model STG_final.fact_tickets ................... [\u001b[31mERROR\u001b[0m in 0.24s]","logger":"airflow.task.hooks.airflow.providers.standard.hooks.subprocess.SubprocessHook"}
{"timestamp":"2025-05-31T18:13:47.954898","level":"info","event":"\u001b[0m18:13:47","logger":"airflow.task.hooks.airflow.providers.standard.hooks.subprocess.SubprocessHook"}
{"timestamp":"2025-05-31T18:13:47.955605","level":"info","event":"\u001b[0m18:13:47  Finished running 8 table models in 0 hours 0 minutes and 4.20 seconds (4.20s).","logger":"airflow.task.hooks.airflow.providers.standard.hooks.subprocess.SubprocessHook"}
{"timestamp":"2025-05-31T18:13:48.034581","level":"info","event":"\u001b[0m18:13:48","logger":"airflow.task.hooks.airflow.providers.standard.hooks.subprocess.SubprocessHook"}
{"timestamp":"2025-05-31T18:13:48.035896","level":"info","event":"\u001b[0m18:13:48  \u001b[31mCompleted with 6 errors, 0 partial successes, and 0 warnings:\u001b[0m","logger":"airflow.task.hooks.airflow.providers.standard.hooks.subprocess.SubprocessHook"}
{"timestamp":"2025-05-31T18:13:48.037286","level":"info","event":"\u001b[0m18:13:48","logger":"airflow.task.hooks.airflow.providers.standard.hooks.subprocess.SubprocessHook"}
{"timestamp":"2025-05-31T18:13:48.038300","level":"info","event":"\u001b[0m18:13:48    Database Error in model dim_customers (models/marts/dim/dim_customers.sql)","logger":"airflow.task.hooks.airflow.providers.standard.hooks.subprocess.SubprocessHook"}
{"timestamp":"2025-05-31T18:13:48.038433","level":"info","event":"  002003 (42S02): SQL compilation error:","logger":"airflow.task.hooks.airflow.providers.standard.hooks.subprocess.SubprocessHook"}
{"timestamp":"2025-05-31T18:13:48.038499","level":"info","event":"  Object 'MOCKKARO_DB.STG_STG.STG_CUSTOMERS' does not exist or not authorized.","logger":"airflow.task.hooks.airflow.providers.standard.hooks.subprocess.SubprocessHook"}
{"timestamp":"2025-05-31T18:13:48.038556","level":"info","event":"  compiled code at target/run/mockkaro_dbt/models/marts/dim/dim_customers.sql","logger":"airflow.task.hooks.airflow.providers.standard.hooks.subprocess.SubprocessHook"}
{"timestamp":"2025-05-31T18:13:48.038983","level":"info","event":"\u001b[0m18:13:48","logger":"airflow.task.hooks.airflow.providers.standard.hooks.subprocess.SubprocessHook"}
{"timestamp":"2025-05-31T18:13:48.039691","level":"info","event":"\u001b[0m18:13:48    Database Error in model dim_store (models/marts/dim/dim_store.sql)","logger":"airflow.task.hooks.airflow.providers.standard.hooks.subprocess.SubprocessHook"}
{"timestamp":"2025-05-31T18:13:48.039809","level":"info","event":"  002003 (42S02): SQL compilation error:","logger":"airflow.task.hooks.airflow.providers.standard.hooks.subprocess.SubprocessHook"}
{"timestamp":"2025-05-31T18:13:48.039879","level":"info","event":"  Object 'MOCKKARO_DB.STG_STG.STG_ORDER' does not exist or not authorized.","logger":"airflow.task.hooks.airflow.providers.standard.hooks.subprocess.SubprocessHook"}
{"timestamp":"2025-05-31T18:13:48.039949","level":"info","event":"  compiled code at target/run/mockkaro_dbt/models/marts/dim/dim_store.sql","logger":"airflow.task.hooks.airflow.providers.standard.hooks.subprocess.SubprocessHook"}
{"timestamp":"2025-05-31T18:13:48.040336","level":"info","event":"\u001b[0m18:13:48","logger":"airflow.task.hooks.airflow.providers.standard.hooks.subprocess.SubprocessHook"}
{"timestamp":"2025-05-31T18:13:48.041158","level":"info","event":"\u001b[0m18:13:48    Database Error in model fact_orders (models/marts/fact/fact_orders.sql)","logger":"airflow.task.hooks.airflow.providers.standard.hooks.subprocess.SubprocessHook"}
{"timestamp":"2025-05-31T18:13:48.041280","level":"info","event":"  002003 (42S02): SQL compilation error:","logger":"airflow.task.hooks.airflow.providers.standard.hooks.subprocess.SubprocessHook"}
{"timestamp":"2025-05-31T18:13:48.041348","level":"info","event":"  Object 'MOCKKARO_DB.STG_STG.STG_ORDER' does not exist or not authorized.","logger":"airflow.task.hooks.airflow.providers.standard.hooks.subprocess.SubprocessHook"}
{"timestamp":"2025-05-31T18:13:48.041427","level":"info","event":"  compiled code at target/run/mockkaro_dbt/models/marts/fact/fact_orders.sql","logger":"airflow.task.hooks.airflow.providers.standard.hooks.subprocess.SubprocessHook"}
{"timestamp":"2025-05-31T18:13:48.041779","level":"info","event":"\u001b[0m18:13:48","logger":"airflow.task.hooks.airflow.providers.standard.hooks.subprocess.SubprocessHook"}
{"timestamp":"2025-05-31T18:13:48.042504","level":"info","event":"\u001b[0m18:13:48    Database Error in model dim_product (models/marts/dim/dim_product.sql)","logger":"airflow.task.hooks.airflow.providers.standard.hooks.subprocess.SubprocessHook"}
{"timestamp":"2025-05-31T18:13:48.042632","level":"info","event":"  002003 (42S02): SQL compilation error:","logger":"airflow.task.hooks.airflow.providers.standard.hooks.subprocess.SubprocessHook"}
{"timestamp":"2025-05-31T18:13:48.042723","level":"info","event":"  Object 'MOCKKARO_DB.STG_STG.STG_PRODUCTS' does not exist or not authorized.","logger":"airflow.task.hooks.airflow.providers.standard.hooks.subprocess.SubprocessHook"}
{"timestamp":"2025-05-31T18:13:48.042820","level":"info","event":"  compiled code at target/run/mockkaro_dbt/models/marts/dim/dim_product.sql","logger":"airflow.task.hooks.airflow.providers.standard.hooks.subprocess.SubprocessHook"}
{"timestamp":"2025-05-31T18:13:48.043192","level":"info","event":"\u001b[0m18:13:48","logger":"airflow.task.hooks.airflow.providers.standard.hooks.subprocess.SubprocessHook"}
{"timestamp":"2025-05-31T18:13:48.044070","level":"info","event":"\u001b[0m18:13:48    Database Error in model dim_issue_type (models/marts/dim/dim_issue_type.sql)","logger":"airflow.task.hooks.airflow.providers.standard.hooks.subprocess.SubprocessHook"}
{"timestamp":"2025-05-31T18:13:48.044209","level":"info","event":"  002003 (42S02): SQL compilation error:","logger":"airflow.task.hooks.airflow.providers.standard.hooks.subprocess.SubprocessHook"}
{"timestamp":"2025-05-31T18:13:48.044303","level":"info","event":"  Object 'MOCKKARO_DB.STG_STG.STG_TICKETS' does not exist or not authorized.","logger":"airflow.task.hooks.airflow.providers.standard.hooks.subprocess.SubprocessHook"}
{"timestamp":"2025-05-31T18:13:48.044385","level":"info","event":"  compiled code at target/run/mockkaro_dbt/models/marts/dim/dim_issue_type.sql","logger":"airflow.task.hooks.airflow.providers.standard.hooks.subprocess.SubprocessHook"}
{"timestamp":"2025-05-31T18:13:48.044657","level":"info","event":"\u001b[0m18:13:48","logger":"airflow.task.hooks.airflow.providers.standard.hooks.subprocess.SubprocessHook"}
{"timestamp":"2025-05-31T18:13:48.045459","level":"info","event":"\u001b[0m18:13:48    Database Error in model fact_tickets (models/marts/fact/fact_tickets.sql)","logger":"airflow.task.hooks.airflow.providers.standard.hooks.subprocess.SubprocessHook"}
{"timestamp":"2025-05-31T18:13:48.045595","level":"info","event":"  002003 (42S02): SQL compilation error:","logger":"airflow.task.hooks.airflow.providers.standard.hooks.subprocess.SubprocessHook"}
{"timestamp":"2025-05-31T18:13:48.045666","level":"info","event":"  Object 'MOCKKARO_DB.STG_STG.STG_TICKETS' does not exist or not authorized.","logger":"airflow.task.hooks.airflow.providers.standard.hooks.subprocess.SubprocessHook"}
{"timestamp":"2025-05-31T18:13:48.045756","level":"info","event":"  compiled code at target/run/mockkaro_dbt/models/marts/fact/fact_tickets.sql","logger":"airflow.task.hooks.airflow.providers.standard.hooks.subprocess.SubprocessHook"}
{"timestamp":"2025-05-31T18:13:48.046256","level":"info","event":"\u001b[0m18:13:48","logger":"airflow.task.hooks.airflow.providers.standard.hooks.subprocess.SubprocessHook"}
{"timestamp":"2025-05-31T18:13:48.046991","level":"info","event":"\u001b[0m18:13:48  Done. PASS=1 WARN=0 ERROR=6 SKIP=1 TOTAL=8","logger":"airflow.task.hooks.airflow.providers.standard.hooks.subprocess.SubprocessHook"}
{"timestamp":"2025-05-31T18:13:49.993986","level":"info","event":"Command exited with return code 1","logger":"airflow.task.hooks.airflow.providers.standard.hooks.subprocess.SubprocessHook"}
{"timestamp":"2025-05-31T18:13:49.995015","level":"error","event":"Task failed with exception","logger":"task","error_detail":[{"exc_type":"AirflowException","exc_value":"Bash command failed. The command returned a non-zero exit code 1.","exc_notes":[],"syntax_error":null,"is_cause":false,"frames":[{"filename":"/home/airflow/.local/lib/python3.12/site-packages/airflow/sdk/execution_time/task_runner.py","lineno":838,"name":"run"},{"filename":"/home/airflow/.local/lib/python3.12/site-packages/airflow/sdk/execution_time/task_runner.py","lineno":1130,"name":"_execute_task"},{"filename":"/home/airflow/.local/lib/python3.12/site-packages/airflow/sdk/bases/operator.py","lineno":408,"name":"wrapper"},{"filename":"/home/airflow/.local/lib/python3.12/site-packages/airflow/providers/standard/operators/bash.py","lineno":233,"name":"execute"}]}]}
