{"timestamp":"2025-05-31T18:15:51.930193","level":"info","event":"DAG bundles loaded: dags-folder","logger":"airflow.dag_processing.bundles.manager.DagBundlesManager"}
{"timestamp":"2025-05-31T18:15:51.932911","level":"info","event":"Filling up the DagBag from /opt/airflow/dags/dbt_orchestration_dag.py","logger":"airflow.models.dagbag.DagBag"}
{"timestamp":"2025-05-31T18:15:55.976279","level":"info","event":"Tmp dir root location: /tmp","logger":"airflow.task.hooks.airflow.providers.standard.hooks.subprocess.SubprocessHook"}
{"timestamp":"2025-05-31T18:15:55.985484","level":"info","event":"Running command: ['/usr/bin/bash', '-c', 'cd /opt/airflow/dbt_project/mockkaro_dbt && dbt run --select marts']","logger":"airflow.task.hooks.airflow.providers.standard.hooks.subprocess.SubprocessHook"}
{"timestamp":"2025-05-31T18:15:56.031336","level":"info","event":"Output:","logger":"airflow.task.hooks.airflow.providers.standard.hooks.subprocess.SubprocessHook"}
{"timestamp":"2025-05-31T18:16:08.095960","level":"info","event":"\u001b[0m18:16:08  Running with dbt=1.9.6","logger":"airflow.task.hooks.airflow.providers.standard.hooks.subprocess.SubprocessHook"}
{"timestamp":"2025-05-31T18:16:14.081161","level":"info","event":"\u001b[0m18:16:14  Registered adapter: snowflake=1.9.4","logger":"airflow.task.hooks.airflow.providers.standard.hooks.subprocess.SubprocessHook"}
{"timestamp":"2025-05-31T18:16:14.975225","level":"info","event":"\u001b[0m18:16:14  [\u001b[33mWARNING\u001b[0m]: Configuration paths exist in your dbt_project.yml file which do not apply to any resources.","logger":"airflow.task.hooks.airflow.providers.standard.hooks.subprocess.SubprocessHook"}
{"timestamp":"2025-05-31T18:16:14.975435","level":"info","event":"There are 2 unused configuration paths:","logger":"airflow.task.hooks.airflow.providers.standard.hooks.subprocess.SubprocessHook"}
{"timestamp":"2025-05-31T18:16:14.975507","level":"info","event":"- models.mockkaro_dbt.marts.fact","logger":"airflow.task.hooks.airflow.providers.standard.hooks.subprocess.SubprocessHook"}
{"timestamp":"2025-05-31T18:16:14.975597","level":"info","event":"- models.mockkaro_dbt.marts.dim","logger":"airflow.task.hooks.airflow.providers.standard.hooks.subprocess.SubprocessHook"}
{"timestamp":"2025-05-31T18:16:15.197445","level":"info","event":"\u001b[0m18:16:15  Found 12 models, 48 data tests, 1 source, 476 macros","logger":"airflow.task.hooks.airflow.providers.standard.hooks.subprocess.SubprocessHook"}
{"timestamp":"2025-05-31T18:16:15.205928","level":"info","event":"\u001b[0m18:16:15","logger":"airflow.task.hooks.airflow.providers.standard.hooks.subprocess.SubprocessHook"}
{"timestamp":"2025-05-31T18:16:15.207449","level":"info","event":"\u001b[0m18:16:15  Concurrency: 4 threads (target='dev')","logger":"airflow.task.hooks.airflow.providers.standard.hooks.subprocess.SubprocessHook"}
{"timestamp":"2025-05-31T18:16:15.208675","level":"info","event":"\u001b[0m18:16:15","logger":"airflow.task.hooks.airflow.providers.standard.hooks.subprocess.SubprocessHook"}
{"timestamp":"2025-05-31T18:16:17.528767","level":"info","event":"\u001b[0m18:16:17  1 of 8 START sql table model STG_final.dim_customers ........................... [RUN]","logger":"airflow.task.hooks.airflow.providers.standard.hooks.subprocess.SubprocessHook"}
{"timestamp":"2025-05-31T18:16:17.530088","level":"info","event":"\u001b[0m18:16:17  2 of 8 START sql table model STG_final.dim_employee ............................ [RUN]","logger":"airflow.task.hooks.airflow.providers.standard.hooks.subprocess.SubprocessHook"}
{"timestamp":"2025-05-31T18:16:17.531131","level":"info","event":"\u001b[0m18:16:17  3 of 8 START sql table model STG_final.dim_issue_type .......................... [RUN]","logger":"airflow.task.hooks.airflow.providers.standard.hooks.subprocess.SubprocessHook"}
{"timestamp":"2025-05-31T18:16:17.533012","level":"info","event":"\u001b[0m18:16:17  4 of 8 START sql table model STG_final.dim_product ............................. [RUN]","logger":"airflow.task.hooks.airflow.providers.standard.hooks.subprocess.SubprocessHook"}
{"timestamp":"2025-05-31T18:16:17.953043","level":"info","event":"\u001b[0m18:16:17  1 of 8 ERROR creating sql table model STG_final.dim_customers .................. [\u001b[31mERROR\u001b[0m in 0.41s]","logger":"airflow.task.hooks.airflow.providers.standard.hooks.subprocess.SubprocessHook"}
{"timestamp":"2025-05-31T18:16:17.961930","level":"info","event":"\u001b[0m18:16:17  5 of 8 START sql table model STG_final.dim_store ............................... [RUN]","logger":"airflow.task.hooks.airflow.providers.standard.hooks.subprocess.SubprocessHook"}
{"timestamp":"2025-05-31T18:16:18.193213","level":"info","event":"\u001b[0m18:16:18  5 of 8 ERROR creating sql table model STG_final.dim_store ...................... [\u001b[31mERROR\u001b[0m in 0.22s]","logger":"airflow.task.hooks.airflow.providers.standard.hooks.subprocess.SubprocessHook"}
{"timestamp":"2025-05-31T18:16:18.197920","level":"info","event":"\u001b[0m18:16:18  6 of 8 START sql table model STG_final.fact_orders ............................. [RUN]","logger":"airflow.task.hooks.airflow.providers.standard.hooks.subprocess.SubprocessHook"}
{"timestamp":"2025-05-31T18:16:18.424219","level":"info","event":"\u001b[0m18:16:18  6 of 8 ERROR creating sql table model STG_final.fact_orders .................... [\u001b[31mERROR\u001b[0m in 0.22s]","logger":"airflow.task.hooks.airflow.providers.standard.hooks.subprocess.SubprocessHook"}
{"timestamp":"2025-05-31T18:16:18.436120","level":"info","event":"\u001b[0m18:16:18  7 of 8 START sql table model STG_final.fact_tickets ............................ [RUN]","logger":"airflow.task.hooks.airflow.providers.standard.hooks.subprocess.SubprocessHook"}
{"timestamp":"2025-05-31T18:16:18.451146","level":"info","event":"\u001b[0m18:16:18  4 of 8 ERROR creating sql table model STG_final.dim_product .................... [\u001b[31mERROR\u001b[0m in 0.91s]","logger":"airflow.task.hooks.airflow.providers.standard.hooks.subprocess.SubprocessHook"}
{"timestamp":"2025-05-31T18:16:18.474377","level":"info","event":"\u001b[0m18:16:18  8 of 8 SKIP relation STG_final.fact_sales_summary .............................. [\u001b[33mSKIP\u001b[0m]","logger":"airflow.task.hooks.airflow.providers.standard.hooks.subprocess.SubprocessHook"}
{"timestamp":"2025-05-31T18:16:18.718058","level":"info","event":"\u001b[0m18:16:18  3 of 8 ERROR creating sql table model STG_final.dim_issue_type ................. [\u001b[31mERROR\u001b[0m in 1.17s]","logger":"airflow.task.hooks.airflow.providers.standard.hooks.subprocess.SubprocessHook"}
{"timestamp":"2025-05-31T18:16:18.730988","level":"info","event":"\u001b[0m18:16:18  2 of 8 OK created sql table model STG_final.dim_employee ....................... [\u001b[32mSUCCESS 1\u001b[0m in 1.18s]","logger":"airflow.task.hooks.airflow.providers.standard.hooks.subprocess.SubprocessHook"}
{"timestamp":"2025-05-31T18:16:18.900962","level":"info","event":"\u001b[0m18:16:18  7 of 8 ERROR creating sql table model STG_final.fact_tickets ................... [\u001b[31mERROR\u001b[0m in 0.46s]","logger":"airflow.task.hooks.airflow.providers.standard.hooks.subprocess.SubprocessHook"}
{"timestamp":"2025-05-31T18:16:19.767348","level":"info","event":"\u001b[0m18:16:19","logger":"airflow.task.hooks.airflow.providers.standard.hooks.subprocess.SubprocessHook"}
{"timestamp":"2025-05-31T18:16:19.775934","level":"info","event":"\u001b[0m18:16:19  Finished running 8 table models in 0 hours 0 minutes and 4.55 seconds (4.55s).","logger":"airflow.task.hooks.airflow.providers.standard.hooks.subprocess.SubprocessHook"}
{"timestamp":"2025-05-31T18:16:20.049808","level":"info","event":"\u001b[0m18:16:20","logger":"airflow.task.hooks.airflow.providers.standard.hooks.subprocess.SubprocessHook"}
{"timestamp":"2025-05-31T18:16:20.051425","level":"info","event":"\u001b[0m18:16:20  \u001b[31mCompleted with 6 errors, 0 partial successes, and 0 warnings:\u001b[0m","logger":"airflow.task.hooks.airflow.providers.standard.hooks.subprocess.SubprocessHook"}
{"timestamp":"2025-05-31T18:16:20.053155","level":"info","event":"\u001b[0m18:16:20","logger":"airflow.task.hooks.airflow.providers.standard.hooks.subprocess.SubprocessHook"}
{"timestamp":"2025-05-31T18:16:20.054340","level":"info","event":"\u001b[0m18:16:20    Database Error in model dim_customers (models/marts/dim/dim_customers.sql)","logger":"airflow.task.hooks.airflow.providers.standard.hooks.subprocess.SubprocessHook"}
{"timestamp":"2025-05-31T18:16:20.054580","level":"info","event":"  002003 (42S02): SQL compilation error:","logger":"airflow.task.hooks.airflow.providers.standard.hooks.subprocess.SubprocessHook"}
{"timestamp":"2025-05-31T18:16:20.054705","level":"info","event":"  Object 'MOCKKARO_DB.STG_STG.STG_CUSTOMERS' does not exist or not authorized.","logger":"airflow.task.hooks.airflow.providers.standard.hooks.subprocess.SubprocessHook"}
{"timestamp":"2025-05-31T18:16:20.054810","level":"info","event":"  compiled code at target/run/mockkaro_dbt/models/marts/dim/dim_customers.sql","logger":"airflow.task.hooks.airflow.providers.standard.hooks.subprocess.SubprocessHook"}
{"timestamp":"2025-05-31T18:16:20.055750","level":"info","event":"\u001b[0m18:16:20","logger":"airflow.task.hooks.airflow.providers.standard.hooks.subprocess.SubprocessHook"}
{"timestamp":"2025-05-31T18:16:20.056884","level":"info","event":"\u001b[0m18:16:20    Database Error in model dim_store (models/marts/dim/dim_store.sql)","logger":"airflow.task.hooks.airflow.providers.standard.hooks.subprocess.SubprocessHook"}
{"timestamp":"2025-05-31T18:16:20.057103","level":"info","event":"  002003 (42S02): SQL compilation error:","logger":"airflow.task.hooks.airflow.providers.standard.hooks.subprocess.SubprocessHook"}
{"timestamp":"2025-05-31T18:16:20.057240","level":"info","event":"  Object 'MOCKKARO_DB.STG_STG.STG_ORDER' does not exist or not authorized.","logger":"airflow.task.hooks.airflow.providers.standard.hooks.subprocess.SubprocessHook"}
{"timestamp":"2025-05-31T18:16:20.057356","level":"info","event":"  compiled code at target/run/mockkaro_dbt/models/marts/dim/dim_store.sql","logger":"airflow.task.hooks.airflow.providers.standard.hooks.subprocess.SubprocessHook"}
{"timestamp":"2025-05-31T18:16:20.058405","level":"info","event":"\u001b[0m18:16:20","logger":"airflow.task.hooks.airflow.providers.standard.hooks.subprocess.SubprocessHook"}
{"timestamp":"2025-05-31T18:16:20.059962","level":"info","event":"\u001b[0m18:16:20    Database Error in model fact_orders (models/marts/fact/fact_orders.sql)","logger":"airflow.task.hooks.airflow.providers.standard.hooks.subprocess.SubprocessHook"}
{"timestamp":"2025-05-31T18:16:20.060190","level":"info","event":"  002003 (42S02): SQL compilation error:","logger":"airflow.task.hooks.airflow.providers.standard.hooks.subprocess.SubprocessHook"}
{"timestamp":"2025-05-31T18:16:20.060328","level":"info","event":"  Object 'MOCKKARO_DB.STG_STG.STG_ORDER' does not exist or not authorized.","logger":"airflow.task.hooks.airflow.providers.standard.hooks.subprocess.SubprocessHook"}
{"timestamp":"2025-05-31T18:16:20.060425","level":"info","event":"  compiled code at target/run/mockkaro_dbt/models/marts/fact/fact_orders.sql","logger":"airflow.task.hooks.airflow.providers.standard.hooks.subprocess.SubprocessHook"}
{"timestamp":"2025-05-31T18:16:20.061193","level":"info","event":"\u001b[0m18:16:20","logger":"airflow.task.hooks.airflow.providers.standard.hooks.subprocess.SubprocessHook"}
{"timestamp":"2025-05-31T18:16:20.063342","level":"info","event":"\u001b[0m18:16:20    Database Error in model dim_product (models/marts/dim/dim_product.sql)","logger":"airflow.task.hooks.airflow.providers.standard.hooks.subprocess.SubprocessHook"}
{"timestamp":"2025-05-31T18:16:20.063640","level":"info","event":"  002003 (42S02): SQL compilation error:","logger":"airflow.task.hooks.airflow.providers.standard.hooks.subprocess.SubprocessHook"}
{"timestamp":"2025-05-31T18:16:20.063828","level":"info","event":"  Object 'MOCKKARO_DB.STG_STG.STG_PRODUCTS' does not exist or not authorized.","logger":"airflow.task.hooks.airflow.providers.standard.hooks.subprocess.SubprocessHook"}
{"timestamp":"2025-05-31T18:16:20.063951","level":"info","event":"  compiled code at target/run/mockkaro_dbt/models/marts/dim/dim_product.sql","logger":"airflow.task.hooks.airflow.providers.standard.hooks.subprocess.SubprocessHook"}
{"timestamp":"2025-05-31T18:16:20.064755","level":"info","event":"\u001b[0m18:16:20","logger":"airflow.task.hooks.airflow.providers.standard.hooks.subprocess.SubprocessHook"}
{"timestamp":"2025-05-31T18:16:20.066387","level":"info","event":"\u001b[0m18:16:20    Database Error in model dim_issue_type (models/marts/dim/dim_issue_type.sql)","logger":"airflow.task.hooks.airflow.providers.standard.hooks.subprocess.SubprocessHook"}
{"timestamp":"2025-05-31T18:16:20.066707","level":"info","event":"  002003 (42S02): SQL compilation error:","logger":"airflow.task.hooks.airflow.providers.standard.hooks.subprocess.SubprocessHook"}
{"timestamp":"2025-05-31T18:16:20.066877","level":"info","event":"  Object 'MOCKKARO_DB.STG_STG.STG_TICKETS' does not exist or not authorized.","logger":"airflow.task.hooks.airflow.providers.standard.hooks.subprocess.SubprocessHook"}
{"timestamp":"2025-05-31T18:16:20.067011","level":"info","event":"  compiled code at target/run/mockkaro_dbt/models/marts/dim/dim_issue_type.sql","logger":"airflow.task.hooks.airflow.providers.standard.hooks.subprocess.SubprocessHook"}
{"timestamp":"2025-05-31T18:16:20.067935","level":"info","event":"\u001b[0m18:16:20","logger":"airflow.task.hooks.airflow.providers.standard.hooks.subprocess.SubprocessHook"}
{"timestamp":"2025-05-31T18:16:20.069524","level":"info","event":"\u001b[0m18:16:20    Database Error in model fact_tickets (models/marts/fact/fact_tickets.sql)","logger":"airflow.task.hooks.airflow.providers.standard.hooks.subprocess.SubprocessHook"}
{"timestamp":"2025-05-31T18:16:20.069839","level":"info","event":"  002003 (42S02): SQL compilation error:","logger":"airflow.task.hooks.airflow.providers.standard.hooks.subprocess.SubprocessHook"}
{"timestamp":"2025-05-31T18:16:20.069978","level":"info","event":"  Object 'MOCKKARO_DB.STG_STG.STG_TICKETS' does not exist or not authorized.","logger":"airflow.task.hooks.airflow.providers.standard.hooks.subprocess.SubprocessHook"}
{"timestamp":"2025-05-31T18:16:20.070069","level":"info","event":"  compiled code at target/run/mockkaro_dbt/models/marts/fact/fact_tickets.sql","logger":"airflow.task.hooks.airflow.providers.standard.hooks.subprocess.SubprocessHook"}
{"timestamp":"2025-05-31T18:16:20.071154","level":"info","event":"\u001b[0m18:16:20","logger":"airflow.task.hooks.airflow.providers.standard.hooks.subprocess.SubprocessHook"}
{"timestamp":"2025-05-31T18:16:20.072901","level":"info","event":"\u001b[0m18:16:20  Done. PASS=1 WARN=0 ERROR=6 SKIP=1 TOTAL=8","logger":"airflow.task.hooks.airflow.providers.standard.hooks.subprocess.SubprocessHook"}
{"timestamp":"2025-05-31T18:16:22.108999","level":"info","event":"Command exited with return code 1","logger":"airflow.task.hooks.airflow.providers.standard.hooks.subprocess.SubprocessHook"}
{"timestamp":"2025-05-31T18:16:22.110652","level":"error","event":"Task failed with exception","logger":"task","error_detail":[{"exc_type":"AirflowException","exc_value":"Bash command failed. The command returned a non-zero exit code 1.","exc_notes":[],"syntax_error":null,"is_cause":false,"frames":[{"filename":"/home/airflow/.local/lib/python3.12/site-packages/airflow/sdk/execution_time/task_runner.py","lineno":838,"name":"run"},{"filename":"/home/airflow/.local/lib/python3.12/site-packages/airflow/sdk/execution_time/task_runner.py","lineno":1130,"name":"_execute_task"},{"filename":"/home/airflow/.local/lib/python3.12/site-packages/airflow/sdk/bases/operator.py","lineno":408,"name":"wrapper"},{"filename":"/home/airflow/.local/lib/python3.12/site-packages/airflow/providers/standard/operators/bash.py","lineno":233,"name":"execute"}]}]}
